<html>
<head>
<title>TestNG:  API Testing</title>
<link href="../testng.css" rel="stylesheet" type="text/css" />
<link href="../my-testng.css" rel="stylesheet" type="text/css" />

<style type="text/css">
.log { display: none;} 
.stack-trace { display: none;} 
</style>
<script type="text/javascript">
<!--
function flip(e) {
  current = e.style.display;
  if (current == 'block') {
    e.style.display = 'none';
    return 0;
  }
  else {
    e.style.display = 'block';
    return 1;
  }
}

function toggleBox(szDivId, elem, msg1, msg2)
{
  var res = -1;  if (document.getElementById) {
    res = flip(document.getElementById(szDivId));
  }
  else if (document.all) {
    // this is the way old msie versions work
    res = flip(document.all[szDivId]);
  }
  if(elem) {
    if(res == 0) elem.innerHTML = msg1; else elem.innerHTML = msg2;
  }

}

function toggleAllBoxes() {
  if (document.getElementsByTagName) {
    d = document.getElementsByTagName('div');
    for (i = 0; i < d.length; i++) {
      if (d[i].className == 'log') {
        flip(d[i]);
      }
    }
  }
}

// -->
</script>

</head>
<body>
<h2 align='center'>API Testing</h2><table border='1' align="center">
<tr>
<td>Tests passed/Failed/Skipped:</td><td>5/2/0</td>
</tr><tr>
<td>Started on:</td><td>Thu Sep 04 23:26:56 IST 2025</td>
</tr>
<tr><td>Total time:</td><td>20 seconds (20255 ms)</td>
</tr><tr>
<td>Included groups:</td><td></td>
</tr><tr>
<td>Excluded groups:</td><td></td>
</tr>
</table><p/>
<small><i>(Hover the method name to see the test class name)</i></small><p/>
<table width='100%' border='1' class='invocation-failed'>
<tr><td colspan='4' align='center'><b>FAILED TESTS</b></td></tr>
<tr><td><b>Test method</b></td>
<td><b>Attribute(s)</b></td>
<td width="30%"><b>Exception</b></td>
<td width="10%"><b>Time (seconds)</b></td>
<td><b>Instance</b></td>
</tr>
<tr>
<td title='com.demoblaze.tests.ApiTest.testUserRegistrationApi()'><b>testUserRegistrationApi</b><br>Test class: com.demoblaze.tests.ApiTest<br>Test method: TC_API_003: Verify user registration API - Test user registration API if available</td>
<td><div><pre>java.lang.AssertionError: Unexpected response code for user registration API: 411
	at com.demoblaze.tests.ApiTest.testUserRegistrationApi(ApiTest.java:89)
	at java.base/java.util.ArrayList.forEach(ArrayList.java:1604)
... Removed 26 stack frames</pre></div><a href='#' onClick='toggleBox("stack-trace872400158", this, "Click to show all stack frames", "Click to hide stack frames")'>Click to show all stack frames</a>
<div class='stack-trace' id='stack-trace872400158'><pre>java.lang.AssertionError: Unexpected response code for user registration API: 411
	at org.testng.Assert.fail(Assert.java:111)
	at com.demoblaze.tests.ApiTest.testUserRegistrationApi(ApiTest.java:89)
	at java.base/jdk.internal.reflect.DirectMethodHandleAccessor.invoke(DirectMethodHandleAccessor.java:104)
	at java.base/java.lang.reflect.Method.invoke(Method.java:565)
	at org.testng.internal.invokers.MethodInvocationHelper.invokeMethod(MethodInvocationHelper.java:141)
	at org.testng.internal.invokers.TestInvoker.invokeMethod(TestInvoker.java:687)
	at org.testng.internal.invokers.TestInvoker.invokeTestMethod(TestInvoker.java:230)
	at org.testng.internal.invokers.MethodRunner.runInSequence(MethodRunner.java:63)
	at org.testng.internal.invokers.TestInvoker$MethodInvocationAgent.invoke(TestInvoker.java:995)
	at org.testng.internal.invokers.TestInvoker.invokeTestMethods(TestInvoker.java:203)
	at org.testng.internal.invokers.TestMethodWorker.invokeTestMethods(TestMethodWorker.java:154)
	at org.testng.internal.invokers.TestMethodWorker.run(TestMethodWorker.java:134)
	at java.base/java.util.ArrayList.forEach(ArrayList.java:1604)
	at org.testng.TestRunner.privateRun(TestRunner.java:741)
	at org.testng.TestRunner.run(TestRunner.java:616)
	at org.testng.SuiteRunner.runTest(SuiteRunner.java:421)
	at org.testng.SuiteRunner.runSequentially(SuiteRunner.java:413)
	at org.testng.SuiteRunner.privateRun(SuiteRunner.java:373)
	at org.testng.SuiteRunner.run(SuiteRunner.java:312)
	at org.testng.SuiteRunnerWorker.runSuite(SuiteRunnerWorker.java:52)
	at org.testng.SuiteRunnerWorker.run(SuiteRunnerWorker.java:95)
	at org.testng.TestNG.runSuitesSequentially(TestNG.java:1274)
	at org.testng.TestNG.runSuitesLocally(TestNG.java:1208)
	at org.testng.TestNG.runSuites(TestNG.java:1112)
	at org.testng.TestNG.run(TestNG.java:1079)
	at org.testng.remote.AbstractRemoteTestNG.run(AbstractRemoteTestNG.java:115)
	at org.testng.remote.RemoteTestNG.initAndRun(RemoteTestNG.java:293)
	at org.testng.remote.RemoteTestNG.main(RemoteTestNG.java:91)
</pre></div></td>
<td>0</td>
<td>com.demoblaze.tests.ApiTest@769a1df5</td></tr>
<tr>
<td title='com.demoblaze.tests.ApiTest.testUserLoginApi()'><b>testUserLoginApi</b><br>Test class: com.demoblaze.tests.ApiTest<br>Test method: TC_API_004: Verify user login API - Test user login API if available</td>
<td><div><pre>java.lang.AssertionError: Unexpected response code for user login API: 411
	at com.demoblaze.tests.ApiTest.testUserLoginApi(ApiTest.java:120)
	at java.base/java.util.ArrayList.forEach(ArrayList.java:1604)
... Removed 26 stack frames</pre></div><a href='#' onClick='toggleBox("stack-trace613285203", this, "Click to show all stack frames", "Click to hide stack frames")'>Click to show all stack frames</a>
<div class='stack-trace' id='stack-trace613285203'><pre>java.lang.AssertionError: Unexpected response code for user login API: 411
	at org.testng.Assert.fail(Assert.java:111)
	at com.demoblaze.tests.ApiTest.testUserLoginApi(ApiTest.java:120)
	at java.base/jdk.internal.reflect.DirectMethodHandleAccessor.invoke(DirectMethodHandleAccessor.java:104)
	at java.base/java.lang.reflect.Method.invoke(Method.java:565)
	at org.testng.internal.invokers.MethodInvocationHelper.invokeMethod(MethodInvocationHelper.java:141)
	at org.testng.internal.invokers.TestInvoker.invokeMethod(TestInvoker.java:687)
	at org.testng.internal.invokers.TestInvoker.invokeTestMethod(TestInvoker.java:230)
	at org.testng.internal.invokers.MethodRunner.runInSequence(MethodRunner.java:63)
	at org.testng.internal.invokers.TestInvoker$MethodInvocationAgent.invoke(TestInvoker.java:995)
	at org.testng.internal.invokers.TestInvoker.invokeTestMethods(TestInvoker.java:203)
	at org.testng.internal.invokers.TestMethodWorker.invokeTestMethods(TestMethodWorker.java:154)
	at org.testng.internal.invokers.TestMethodWorker.run(TestMethodWorker.java:134)
	at java.base/java.util.ArrayList.forEach(ArrayList.java:1604)
	at org.testng.TestRunner.privateRun(TestRunner.java:741)
	at org.testng.TestRunner.run(TestRunner.java:616)
	at org.testng.SuiteRunner.runTest(SuiteRunner.java:421)
	at org.testng.SuiteRunner.runSequentially(SuiteRunner.java:413)
	at org.testng.SuiteRunner.privateRun(SuiteRunner.java:373)
	at org.testng.SuiteRunner.run(SuiteRunner.java:312)
	at org.testng.SuiteRunnerWorker.runSuite(SuiteRunnerWorker.java:52)
	at org.testng.SuiteRunnerWorker.run(SuiteRunnerWorker.java:95)
	at org.testng.TestNG.runSuitesSequentially(TestNG.java:1274)
	at org.testng.TestNG.runSuitesLocally(TestNG.java:1208)
	at org.testng.TestNG.runSuites(TestNG.java:1112)
	at org.testng.TestNG.run(TestNG.java:1079)
	at org.testng.remote.AbstractRemoteTestNG.run(AbstractRemoteTestNG.java:115)
	at org.testng.remote.RemoteTestNG.initAndRun(RemoteTestNG.java:293)
	at org.testng.remote.RemoteTestNG.main(RemoteTestNG.java:91)
</pre></div></td>
<td>0</td>
<td>com.demoblaze.tests.ApiTest@769a1df5</td></tr>
</table><p>
<table width='100%' border='1' class='invocation-passed'>
<tr><td colspan='4' align='center'><b>PASSED TESTS</b></td></tr>
<tr><td><b>Test method</b></td>
<td><b>Attribute(s)</b></td>
<td width="30%"><b>Exception</b></td>
<td width="10%"><b>Time (seconds)</b></td>
<td><b>Instance</b></td>
</tr>
<tr>
<td title='com.demoblaze.tests.ApiTest.testApiResponseHeaders()'><b>testApiResponseHeaders</b><br>Test class: com.demoblaze.tests.ApiTest<br>Test method: TC_API_006: Verify API response headers - Test that API returns proper headers</td>
<td></td>
<td>0</td>
<td>com.demoblaze.tests.ApiTest@769a1df5</td></tr>
<tr>
<td title='com.demoblaze.tests.ApiTest.testProductsApiEndpoint()'><b>testProductsApiEndpoint</b><br>Test class: com.demoblaze.tests.ApiTest<br>Test method: TC_API_002: Verify products API endpoint - Test products API if available</td>
<td></td>
<td>0</td>
<td>com.demoblaze.tests.ApiTest@769a1df5</td></tr>
<tr>
<td title='com.demoblaze.tests.ApiTest.testCartApiEndpoint()'><b>testCartApiEndpoint</b><br>Test class: com.demoblaze.tests.ApiTest<br>Test method: TC_API_005: Verify cart API endpoint - Test cart API if available</td>
<td></td>
<td>0</td>
<td>com.demoblaze.tests.ApiTest@769a1df5</td></tr>
<tr>
<td title='com.demoblaze.tests.ApiTest.testApiErrorHandling()'><b>testApiErrorHandling</b><br>Test class: com.demoblaze.tests.ApiTest<br>Test method: TC_API_007: Verify API error handling - Test API error responses</td>
<td></td>
<td>0</td>
<td>com.demoblaze.tests.ApiTest@769a1df5</td></tr>
<tr>
<td title='com.demoblaze.tests.ApiTest.testApiConnectivity()'><b>testApiConnectivity</b><br>Test class: com.demoblaze.tests.ApiTest<br>Test method: TC_API_001: Verify API connectivity - Test that API endpoints are accessible</td>
<td></td>
<td>0</td>
<td>com.demoblaze.tests.ApiTest@769a1df5</td></tr>
</table><p>
</body>
</html>