<?xml version="1.0" encoding="UTF-8"?>
<!-- Generated by org.testng.reporters.JUnitXMLReporter -->
<testsuite ignored="0" hostname="LAPTOP-D8A5FL4O" failures="7" tests="53" name="Complete Test Suite" time="632.856" errors="0" timestamp="2025-09-04T23:37:49 IST">
  <testcase classname="com.demoblaze.tests.SignUpTest" name="testValidUserRegistration" time="2.544"/>
  <testcase classname="com.demoblaze.tests.SignUpTest" name="testLoginAfterRegistration" time="6.636"/>
  <testcase classname="com.demoblaze.tests.LoginTest" name="testValidLogin" time="5.867">
    <failure type="java.lang.AssertionError" message="User not logged in! expected [true] but found [false]">
      <![CDATA[java.lang.AssertionError: User not logged in! expected [true] but found [false]
at com.demoblaze.tests.LoginTest.testValidLogin(LoginTest.java:24)
at java.base/java.util.ArrayList.forEach(ArrayList.java:1604)
... Removed 28 stack frames]]>
    </failure>
  </testcase> <!-- testValidLogin -->
  <testcase classname="com.demoblaze.tests.NavigationTest" name="testBackNavigation" time="2.436"/>
  <testcase classname="com.demoblaze.tests.NavigationTest" name="testCartPageNavigation" time="1.697"/>
  <testcase classname="com.demoblaze.tests.NavigationTest" name="testCategoryNavigation" time="2.198"/>
  <testcase classname="com.demoblaze.tests.NavigationTest" name="testHomePageNavigation" time="0.474"/>
  <testcase classname="com.demoblaze.tests.NavigationTest" name="testModalNavigation" time="2.039"/>
  <testcase classname="com.demoblaze.tests.NavigationTest" name="testProductPageNavigation" time="12.062">
    <failure type="org.openqa.selenium.TimeoutException" message="Expected condition failed: waiting for visibility of element located by By.xpath: //div[@class=&amp;apos;name&amp;apos;]/h2 (tried for 10 second(s) with 500 milliseconds interval)
Build info: version: &amp;apos;4.35.0&amp;apos;, revision: &amp;apos;1c58e5028b&amp;apos;
System info: os.name: &amp;apos;Windows 11&amp;apos;, os.arch: &amp;apos;amd64&amp;apos;, os.version: &amp;apos;10.0&amp;apos;, java.version: &amp;apos;24.0.2&amp;apos;
Driver info: org.openqa.selenium.chrome.ChromeDriver
Capabilities {acceptInsecureCerts: false, browserName: chrome, browserVersion: 139.0.7258.155, chrome: {chromedriverVersion: 139.0.7258.154 (9e0d6b2b47f..., userDataDir: C:\Users\harsh\AppData\Loca...}, fedcm:accounts: true, goog:chromeOptions: {debuggerAddress: localhost:61357}, networkConnectionEnabled: false, pageLoadStrategy: normal, platformName: windows, proxy: Proxy(), se:cdp: ws://localhost:61357/devtoo..., se:cdpVersion: 139.0.7258.155, setWindowRect: true, strictFileInteractability: false, timeouts: {implicit: 0, pageLoad: 300000, script: 30000}, unhandledPromptBehavior: dismiss and notify, webauthn:extension:credBlob: true, webauthn:extension:largeBlob: true, webauthn:extension:minPinLength: true, webauthn:extension:prf: true, webauthn:virtualAuthenticators: true}
Session ID: 6d99c43ca4466a005aa39e732c3f7719">
      <![CDATA[org.openqa.selenium.TimeoutException: Expected condition failed: waiting for visibility of element located by By.xpath: //div[@class='name']/h2 (tried for 10 second(s) with 500 milliseconds interval)
Build info: version: '4.35.0', revision: '1c58e5028b'
System info: os.name: 'Windows 11', os.arch: 'amd64', os.version: '10.0', java.version: '24.0.2'
Driver info: org.openqa.selenium.chrome.ChromeDriver
Capabilities {acceptInsecureCerts: false, browserName: chrome, browserVersion: 139.0.7258.155, chrome: {chromedriverVersion: 139.0.7258.154 (9e0d6b2b47f..., userDataDir: C:\Users\harsh\AppData\Loca...}, fedcm:accounts: true, goog:chromeOptions: {debuggerAddress: localhost:61357}, networkConnectionEnabled: false, pageLoadStrategy: normal, platformName: windows, proxy: Proxy(), se:cdp: ws://localhost:61357/devtoo..., se:cdpVersion: 139.0.7258.155, setWindowRect: true, strictFileInteractability: false, timeouts: {implicit: 0, pageLoad: 300000, script: 30000}, unhandledPromptBehavior: dismiss and notify, webauthn:extension:credBlob: true, webauthn:extension:largeBlob: true, webauthn:extension:minPinLength: true, webauthn:extension:prf: true, webauthn:virtualAuthenticators: true}
Session ID: 6d99c43ca4466a005aa39e732c3f7719
at org.openqa.selenium.support.ui.WebDriverWait.timeoutException(WebDriverWait.java:84)
at org.openqa.selenium.support.ui.FluentWait.until(FluentWait.java:228)
at com.demoblaze.framework.utils.Waits.visible(Waits.java:24)
at com.demoblaze.framework.utils.ElementActions.text(ElementActions.java:21)
at com.demoblaze.framework.pages.ProductPage.getProductTitle(ProductPage.java:18)
at com.demoblaze.tests.NavigationTest.testProductPageNavigation(NavigationTest.java:55)
at java.base/java.util.ArrayList.forEach(ArrayList.java:1604)
... Removed 25 stack frames]]>
    </failure>
  </testcase> <!-- testProductPageNavigation -->
  <testcase classname="com.demoblaze.tests.ProductTest" name="testAddMultipleProductsToCart" time="12.556"/>
  <testcase classname="com.demoblaze.tests.ProductTest" name="testAddToCartFromProductPage" time="5.511"/>
  <testcase classname="com.demoblaze.tests.ProductTest" name="testProductCategoriesContent" time="1.858"/>
  <testcase classname="com.demoblaze.tests.ProductTest" name="testProductDetailsDisplay" time="11.53">
    <failure type="org.openqa.selenium.TimeoutException" message="Expected condition failed: waiting for visibility of element located by By.xpath: //div[@class=&amp;apos;name&amp;apos;]/h2 (tried for 10 second(s) with 500 milliseconds interval)
Build info: version: &amp;apos;4.35.0&amp;apos;, revision: &amp;apos;1c58e5028b&amp;apos;
System info: os.name: &amp;apos;Windows 11&amp;apos;, os.arch: &amp;apos;amd64&amp;apos;, os.version: &amp;apos;10.0&amp;apos;, java.version: &amp;apos;24.0.2&amp;apos;
Driver info: org.openqa.selenium.chrome.ChromeDriver
Capabilities {acceptInsecureCerts: false, browserName: chrome, browserVersion: 139.0.7258.155, chrome: {chromedriverVersion: 139.0.7258.154 (9e0d6b2b47f..., userDataDir: C:\Users\harsh\AppData\Loca...}, fedcm:accounts: true, goog:chromeOptions: {debuggerAddress: localhost:51580}, networkConnectionEnabled: false, pageLoadStrategy: normal, platformName: windows, proxy: Proxy(), se:cdp: ws://localhost:51580/devtoo..., se:cdpVersion: 139.0.7258.155, setWindowRect: true, strictFileInteractability: false, timeouts: {implicit: 0, pageLoad: 300000, script: 30000}, unhandledPromptBehavior: dismiss and notify, webauthn:extension:credBlob: true, webauthn:extension:largeBlob: true, webauthn:extension:minPinLength: true, webauthn:extension:prf: true, webauthn:virtualAuthenticators: true}
Session ID: a6a8bb6128aa6906881c66cd3fb14e76">
      <![CDATA[org.openqa.selenium.TimeoutException: Expected condition failed: waiting for visibility of element located by By.xpath: //div[@class='name']/h2 (tried for 10 second(s) with 500 milliseconds interval)
Build info: version: '4.35.0', revision: '1c58e5028b'
System info: os.name: 'Windows 11', os.arch: 'amd64', os.version: '10.0', java.version: '24.0.2'
Driver info: org.openqa.selenium.chrome.ChromeDriver
Capabilities {acceptInsecureCerts: false, browserName: chrome, browserVersion: 139.0.7258.155, chrome: {chromedriverVersion: 139.0.7258.154 (9e0d6b2b47f..., userDataDir: C:\Users\harsh\AppData\Loca...}, fedcm:accounts: true, goog:chromeOptions: {debuggerAddress: localhost:51580}, networkConnectionEnabled: false, pageLoadStrategy: normal, platformName: windows, proxy: Proxy(), se:cdp: ws://localhost:51580/devtoo..., se:cdpVersion: 139.0.7258.155, setWindowRect: true, strictFileInteractability: false, timeouts: {implicit: 0, pageLoad: 300000, script: 30000}, unhandledPromptBehavior: dismiss and notify, webauthn:extension:credBlob: true, webauthn:extension:largeBlob: true, webauthn:extension:minPinLength: true, webauthn:extension:prf: true, webauthn:virtualAuthenticators: true}
Session ID: a6a8bb6128aa6906881c66cd3fb14e76
at org.openqa.selenium.support.ui.WebDriverWait.timeoutException(WebDriverWait.java:84)
at org.openqa.selenium.support.ui.FluentWait.until(FluentWait.java:228)
at com.demoblaze.framework.utils.Waits.visible(Waits.java:24)
at com.demoblaze.framework.utils.ElementActions.text(ElementActions.java:21)
at com.demoblaze.framework.pages.ProductPage.getProductTitle(ProductPage.java:18)
at com.demoblaze.tests.ProductTest.testProductDetailsDisplay(ProductTest.java:49)
at java.base/java.util.ArrayList.forEach(ArrayList.java:1604)
... Removed 25 stack frames]]>
    </failure>
  </testcase> <!-- testProductDetailsDisplay -->
  <testcase classname="com.demoblaze.tests.ProductTest" name="testProductPriceCalculation" time="27.431"/>
  <testcase classname="com.demoblaze.tests.ProductTest" name="testProductSearch" time="1.239"/>
  <testcase classname="com.demoblaze.tests.CartTest" name="testAddToCart" time="5.109"/>
  <testcase classname="com.demoblaze.tests.CartTest" name="testDeleteFromCart" time="5.417"/>
  <testcase classname="com.demoblaze.tests.PurchaseTest" name="testPurchaseProduct" time="5.291"/>
  <testcase classname="com.demoblaze.tests.UserManagementTest" name="testMultipleUserSessions" time="16.332"/>
  <testcase classname="com.demoblaze.tests.UserManagementTest" name="testUserCartAccess" time="8.364"/>
  <testcase classname="com.demoblaze.tests.UserManagementTest" name="testUserLoginWithValidCredentials" time="7.672"/>
  <testcase classname="com.demoblaze.tests.UserManagementTest" name="testUserLogout" time="28.62"/>
  <testcase classname="com.demoblaze.tests.UserManagementTest" name="testUserProfileInformationDisplay" time="10.655">
    <failure type="org.openqa.selenium.TimeoutException" message="Expected condition failed: waiting for visibility of element located by By.id: sign-username (tried for 10 second(s) with 500 milliseconds interval)
Build info: version: &amp;apos;4.35.0&amp;apos;, revision: &amp;apos;1c58e5028b&amp;apos;
System info: os.name: &amp;apos;Windows 11&amp;apos;, os.arch: &amp;apos;amd64&amp;apos;, os.version: &amp;apos;10.0&amp;apos;, java.version: &amp;apos;24.0.2&amp;apos;
Driver info: org.openqa.selenium.chrome.ChromeDriver
Capabilities {acceptInsecureCerts: false, browserName: chrome, browserVersion: 139.0.7258.155, chrome: {chromedriverVersion: 139.0.7258.154 (9e0d6b2b47f..., userDataDir: C:\Users\harsh\AppData\Loca...}, fedcm:accounts: true, goog:chromeOptions: {debuggerAddress: localhost:58728}, networkConnectionEnabled: false, pageLoadStrategy: normal, platformName: windows, proxy: Proxy(), se:cdp: ws://localhost:58728/devtoo..., se:cdpVersion: 139.0.7258.155, setWindowRect: true, strictFileInteractability: false, timeouts: {implicit: 0, pageLoad: 300000, script: 30000}, unhandledPromptBehavior: dismiss and notify, webauthn:extension:credBlob: true, webauthn:extension:largeBlob: true, webauthn:extension:minPinLength: true, webauthn:extension:prf: true, webauthn:virtualAuthenticators: true}
Session ID: 5b2b9a353be20107ae5d6cb93b220953">
      <![CDATA[org.openqa.selenium.TimeoutException: Expected condition failed: waiting for visibility of element located by By.id: sign-username (tried for 10 second(s) with 500 milliseconds interval)
Build info: version: '4.35.0', revision: '1c58e5028b'
System info: os.name: 'Windows 11', os.arch: 'amd64', os.version: '10.0', java.version: '24.0.2'
Driver info: org.openqa.selenium.chrome.ChromeDriver
Capabilities {acceptInsecureCerts: false, browserName: chrome, browserVersion: 139.0.7258.155, chrome: {chromedriverVersion: 139.0.7258.154 (9e0d6b2b47f..., userDataDir: C:\Users\harsh\AppData\Loca...}, fedcm:accounts: true, goog:chromeOptions: {debuggerAddress: localhost:58728}, networkConnectionEnabled: false, pageLoadStrategy: normal, platformName: windows, proxy: Proxy(), se:cdp: ws://localhost:58728/devtoo..., se:cdpVersion: 139.0.7258.155, setWindowRect: true, strictFileInteractability: false, timeouts: {implicit: 0, pageLoad: 300000, script: 30000}, unhandledPromptBehavior: dismiss and notify, webauthn:extension:credBlob: true, webauthn:extension:largeBlob: true, webauthn:extension:minPinLength: true, webauthn:extension:prf: true, webauthn:virtualAuthenticators: true}
Session ID: 5b2b9a353be20107ae5d6cb93b220953
at org.openqa.selenium.support.ui.WebDriverWait.timeoutException(WebDriverWait.java:84)
at org.openqa.selenium.support.ui.FluentWait.until(FluentWait.java:228)
at com.demoblaze.framework.utils.Waits.visible(Waits.java:24)
at com.demoblaze.framework.utils.ElementActions.type(ElementActions.java:15)
at com.demoblaze.framework.pages.SignUpModal.signUp(SignUpModal.java:15)
at com.demoblaze.tests.UserManagementTest.testUserProfileInformationDisplay(UserManagementTest.java:184)
at java.base/java.util.ArrayList.forEach(ArrayList.java:1604)
... Removed 25 stack frames]]>
    </failure>
  </testcase> <!-- testUserProfileInformationDisplay -->
  <testcase classname="com.demoblaze.tests.UserManagementTest" name="testUserPurchaseCapability" time="0.0">
    <skipped/>
  </testcase> <!-- testUserPurchaseCapability -->
  <testcase classname="com.demoblaze.tests.UserManagementTest" name="testUserRegistrationWithUniqueUsername" time="0.0">
    <skipped/>
  </testcase> <!-- testUserRegistrationWithUniqueUsername -->
  <testcase classname="com.demoblaze.tests.UserManagementTest" name="testUserSessionPersistence" time="0.0">
    <skipped/>
  </testcase> <!-- testUserSessionPersistence -->
  <testcase classname="com.demoblaze.tests.NegativeTest" name="testCartAccessWithoutLogin" time="0.0">
    <skipped/>
  </testcase> <!-- testCartAccessWithoutLogin -->
  <testcase classname="com.demoblaze.tests.NegativeTest" name="testLoginWithEmptyCredentials" time="0.0">
    <skipped/>
  </testcase> <!-- testLoginWithEmptyCredentials -->
  <testcase classname="com.demoblaze.tests.NegativeTest" name="testLoginWithInvalidPassword" time="0.0">
    <skipped/>
  </testcase> <!-- testLoginWithInvalidPassword -->
  <testcase classname="com.demoblaze.tests.NegativeTest" name="testLoginWithInvalidUsername" time="0.001">
    <skipped/>
  </testcase> <!-- testLoginWithInvalidUsername -->
  <testcase classname="com.demoblaze.tests.NegativeTest" name="testPurchaseWithEmptyPaymentForm" time="0.0">
    <skipped/>
  </testcase> <!-- testPurchaseWithEmptyPaymentForm -->
  <testcase classname="com.demoblaze.tests.NegativeTest" name="testPurchaseWithInvalidPaymentDetails" time="0.0">
    <skipped/>
  </testcase> <!-- testPurchaseWithInvalidPaymentDetails -->
  <testcase classname="com.demoblaze.tests.NegativeTest" name="testPurchaseWithoutLogin" time="0.0">
    <skipped/>
  </testcase> <!-- testPurchaseWithoutLogin -->
  <testcase classname="com.demoblaze.tests.NegativeTest" name="testRegistrationWithEmptyFields" time="0.0">
    <skipped/>
  </testcase> <!-- testRegistrationWithEmptyFields -->
  <testcase classname="com.demoblaze.tests.NegativeTest" name="testRegistrationWithExistingUsername" time="0.0">
    <skipped/>
  </testcase> <!-- testRegistrationWithExistingUsername -->
  <testcase classname="com.demoblaze.tests.NegativeTest" name="testRegistrationWithShortPassword" time="0.0">
    <skipped/>
  </testcase> <!-- testRegistrationWithShortPassword -->
  <testcase classname="com.demoblaze.tests.PerformanceTest" name="testAddToCartPerformance" time="3.472">
    <failure type="java.lang.AssertionError" message="Add to cart operation too slow: 2096ms expected [true] but found [false]">
      <![CDATA[java.lang.AssertionError: Add to cart operation too slow: 2096ms expected [true] but found [false]
at com.demoblaze.tests.PerformanceTest.testAddToCartPerformance(PerformanceTest.java:139)
at java.base/java.util.ArrayList.forEach(ArrayList.java:1604)
... Removed 28 stack frames]]>
    </failure>
  </testcase> <!-- testAddToCartPerformance -->
  <testcase classname="com.demoblaze.tests.PerformanceTest" name="testCartPageLoadTime" time="0.0">
    <skipped/>
  </testcase> <!-- testCartPageLoadTime -->
  <testcase classname="com.demoblaze.tests.PerformanceTest" name="testConcurrentOperations" time="0.0">
    <skipped/>
  </testcase> <!-- testConcurrentOperations -->
  <testcase classname="com.demoblaze.tests.PerformanceTest" name="testMemoryUsage" time="0.0">
    <skipped/>
  </testcase> <!-- testMemoryUsage -->
  <testcase classname="com.demoblaze.tests.PerformanceTest" name="testModalOpenTime" time="0.0">
    <skipped/>
  </testcase> <!-- testModalOpenTime -->
  <testcase classname="com.demoblaze.tests.PerformanceTest" name="testNavigationPerformance" time="0.0">
    <skipped/>
  </testcase> <!-- testNavigationPerformance -->
  <testcase classname="com.demoblaze.tests.PerformanceTest" name="testPageLoadTime" time="0.0">
    <skipped/>
  </testcase> <!-- testPageLoadTime -->
  <testcase classname="com.demoblaze.tests.PerformanceTest" name="testProductPageLoadTime" time="0.0">
    <skipped/>
  </testcase> <!-- testProductPageLoadTime -->
  <testcase classname="com.demoblaze.tests.PerformanceTest" name="testUserLoginPerformance" time="0.0">
    <skipped/>
  </testcase> <!-- testUserLoginPerformance -->
  <testcase classname="com.demoblaze.tests.PerformanceTest" name="testUserRegistrationPerformance" time="0.0">
    <skipped/>
  </testcase> <!-- testUserRegistrationPerformance -->
  <testcase classname="com.demoblaze.tests.ApiTest" name="testApiConnectivity" time="0.522"/>
  <testcase classname="com.demoblaze.tests.ApiTest" name="testApiErrorHandling" time="0.493"/>
  <testcase classname="com.demoblaze.tests.ApiTest" name="testApiResponseHeaders" time="0.502"/>
  <testcase classname="com.demoblaze.tests.ApiTest" name="testCartApiEndpoint" time="0.454"/>
  <testcase classname="com.demoblaze.tests.ApiTest" name="testProductsApiEndpoint" time="0.477"/>
  <testcase classname="com.demoblaze.tests.ApiTest" name="testUserLoginApi" time="0.382">
    <failure type="java.lang.AssertionError" message="Unexpected response code for user login API: 411">
      <![CDATA[java.lang.AssertionError: Unexpected response code for user login API: 411
at com.demoblaze.tests.ApiTest.testUserLoginApi(ApiTest.java:120)
at java.base/java.util.ArrayList.forEach(ArrayList.java:1604)
... Removed 26 stack frames]]>
    </failure>
  </testcase> <!-- testUserLoginApi -->
  <testcase classname="com.demoblaze.tests.ApiTest" name="testUserRegistrationApi" time="0.359">
    <failure type="java.lang.AssertionError" message="Unexpected response code for user registration API: 411">
      <![CDATA[java.lang.AssertionError: Unexpected response code for user registration API: 411
at com.demoblaze.tests.ApiTest.testUserRegistrationApi(ApiTest.java:89)
at java.base/java.util.ArrayList.forEach(ArrayList.java:1604)
... Removed 26 stack frames]]>
    </failure>
  </testcase> <!-- testUserRegistrationApi -->
</testsuite> <!-- Complete Test Suite -->
