<html>
<head>
<title>TestNG:  Core Functionality Tests</title>
<link href="../testng.css" rel="stylesheet" type="text/css" />
<link href="../my-testng.css" rel="stylesheet" type="text/css" />

<style type="text/css">
.log { display: none;} 
.stack-trace { display: none;} 
</style>
<script type="text/javascript">
<!--
function flip(e) {
  current = e.style.display;
  if (current == 'block') {
    e.style.display = 'none';
    return 0;
  }
  else {
    e.style.display = 'block';
    return 1;
  }
}

function toggleBox(szDivId, elem, msg1, msg2)
{
  var res = -1;  if (document.getElementById) {
    res = flip(document.getElementById(szDivId));
  }
  else if (document.all) {
    // this is the way old msie versions work
    res = flip(document.all[szDivId]);
  }
  if(elem) {
    if(res == 0) elem.innerHTML = msg1; else elem.innerHTML = msg2;
  }

}

function toggleAllBoxes() {
  if (document.getElementsByTagName) {
    d = document.getElementsByTagName('div');
    for (i = 0; i < d.length; i++) {
      if (d[i].className == 'log') {
        flip(d[i]);
      }
    }
  }
}

// -->
</script>

</head>
<body>
<h2 align='center'>Core Functionality Tests</h2><table border='1' align="center">
<tr>
<td>Tests passed/Failed/Skipped:</td><td>5/1/0</td>
</tr><tr>
<td>Started on:</td><td>Thu Sep 04 23:12:26 IST 2025</td>
</tr>
<tr><td>Total time:</td><td>140 seconds (140745 ms)</td>
</tr><tr>
<td>Included groups:</td><td></td>
</tr><tr>
<td>Excluded groups:</td><td></td>
</tr>
</table><p/>
<small><i>(Hover the method name to see the test class name)</i></small><p/>
<table width='100%' border='1' class='invocation-failed'>
<tr><td colspan='4' align='center'><b>FAILED TESTS</b></td></tr>
<tr><td><b>Test method</b></td>
<td><b>Attribute(s)</b></td>
<td width="30%"><b>Exception</b></td>
<td width="10%"><b>Time (seconds)</b></td>
<td><b>Instance</b></td>
</tr>
<tr>
<td title='com.demoblaze.tests.LoginTest.testValidLogin()'><b>testValidLogin</b><br>Test class: com.demoblaze.tests.LoginTest<br>Test method: Verify user login with valid credentials</td>
<td><div><pre>java.lang.AssertionError: User not logged in! expected [true] but found [false]
	at com.demoblaze.tests.LoginTest.testValidLogin(LoginTest.java:24)
	at java.base/java.util.ArrayList.forEach(ArrayList.java:1604)
... Removed 28 stack frames</pre></div><a href='#' onClick='toggleBox("stack-trace1421650289", this, "Click to show all stack frames", "Click to hide stack frames")'>Click to show all stack frames</a>
<div class='stack-trace' id='stack-trace1421650289'><pre>java.lang.AssertionError: User not logged in! expected [true] but found [false]
	at org.testng.Assert.fail(Assert.java:111)
	at org.testng.Assert.failNotEquals(Assert.java:1590)
	at org.testng.Assert.assertTrue(Assert.java:57)
	at com.demoblaze.tests.LoginTest.testValidLogin(LoginTest.java:24)
	at java.base/jdk.internal.reflect.DirectMethodHandleAccessor.invoke(DirectMethodHandleAccessor.java:104)
	at java.base/java.lang.reflect.Method.invoke(Method.java:565)
	at org.testng.internal.invokers.MethodInvocationHelper.invokeMethod(MethodInvocationHelper.java:141)
	at org.testng.internal.invokers.TestInvoker.invokeMethod(TestInvoker.java:687)
	at org.testng.internal.invokers.TestInvoker.invokeTestMethod(TestInvoker.java:230)
	at org.testng.internal.invokers.MethodRunner.runInSequence(MethodRunner.java:63)
	at org.testng.internal.invokers.TestInvoker$MethodInvocationAgent.invoke(TestInvoker.java:995)
	at org.testng.internal.invokers.TestInvoker.invokeTestMethods(TestInvoker.java:203)
	at org.testng.internal.invokers.TestMethodWorker.invokeTestMethods(TestMethodWorker.java:154)
	at org.testng.internal.invokers.TestMethodWorker.run(TestMethodWorker.java:134)
	at java.base/java.util.ArrayList.forEach(ArrayList.java:1604)
	at org.testng.TestRunner.privateRun(TestRunner.java:741)
	at org.testng.TestRunner.run(TestRunner.java:616)
	at org.testng.SuiteRunner.runTest(SuiteRunner.java:421)
	at org.testng.SuiteRunner.runSequentially(SuiteRunner.java:413)
	at org.testng.SuiteRunner.privateRun(SuiteRunner.java:373)
	at org.testng.SuiteRunner.run(SuiteRunner.java:312)
	at org.testng.SuiteRunnerWorker.runSuite(SuiteRunnerWorker.java:52)
	at org.testng.SuiteRunnerWorker.run(SuiteRunnerWorker.java:95)
	at org.testng.TestNG.runSuitesSequentially(TestNG.java:1274)
	at org.testng.TestNG.runSuitesLocally(TestNG.java:1208)
	at org.testng.TestNG.runSuites(TestNG.java:1112)
	at org.testng.TestNG.run(TestNG.java:1079)
	at org.testng.remote.AbstractRemoteTestNG.run(AbstractRemoteTestNG.java:115)
	at org.testng.remote.RemoteTestNG.initAndRun(RemoteTestNG.java:293)
	at org.testng.remote.RemoteTestNG.main(RemoteTestNG.java:91)
</pre></div></td>
<td>6</td>
<td>com.demoblaze.tests.LoginTest@7d8995e</td></tr>
</table><p>
<table width='100%' border='1' class='invocation-passed'>
<tr><td colspan='4' align='center'><b>PASSED TESTS</b></td></tr>
<tr><td><b>Test method</b></td>
<td><b>Attribute(s)</b></td>
<td width="30%"><b>Exception</b></td>
<td width="10%"><b>Time (seconds)</b></td>
<td><b>Instance</b></td>
</tr>
<tr>
<td title='com.demoblaze.tests.CartTest.testDeleteFromCart()'><b>testDeleteFromCart</b><br>Test class: com.demoblaze.tests.CartTest<br>Test method: Verify deleting item from cart</td>
<td></td>
<td>25</td>
<td>com.demoblaze.tests.CartTest@130d63be</td></tr>
<tr>
<td title='com.demoblaze.tests.SignUpTest.testValidUserRegistration()'><b>testValidUserRegistration</b><br>Test class: com.demoblaze.tests.SignUpTest<br>Test method: TC_REG_001: Valid User Registration - Verify user can successfully register with valid credentials</td>
<td></td>
<td>2</td>
<td>com.demoblaze.tests.SignUpTest@35e2d654</td></tr>
<tr>
<td title='com.demoblaze.tests.CartTest.testAddToCart()'><b>testAddToCart</b><br>Test class: com.demoblaze.tests.CartTest<br>Test method: Verify adding a product to cart</td>
<td></td>
<td>5</td>
<td>com.demoblaze.tests.CartTest@130d63be</td></tr>
<tr>
<td title='com.demoblaze.tests.PurchaseTest.testPurchaseProduct()'><b>testPurchaseProduct</b><br>Test class: com.demoblaze.tests.PurchaseTest<br>Test method: Verify complete purchase flow</td>
<td></td>
<td>5</td>
<td>com.demoblaze.tests.PurchaseTest@128d2484</td></tr>
<tr>
<td title='com.demoblaze.tests.SignUpTest.testLoginAfterRegistration()'><b>testLoginAfterRegistration</b><br>Test class: com.demoblaze.tests.SignUpTest<br>Test method: TC_LOGIN_001: Login with newly created user - Verify user can login after registration</td>
<td></td>
<td>6</td>
<td>com.demoblaze.tests.SignUpTest@35e2d654</td></tr>
</table><p>
</body>
</html>