<?xml version="1.0" encoding="UTF-8"?>
<!-- Generated by org.testng.reporters.JUnitXMLReporter -->
<testsuite ignored="0" hostname="LAPTOP-D8A5FL4O" failures="1" tests="6" name="Core Functionality Tests" time="140.745" errors="0" timestamp="2025-09-04T23:14:47 IST">
  <testcase classname="com.demoblaze.tests.SignUpTest" name="testValidUserRegistration" time="2.319"/>
  <testcase classname="com.demoblaze.tests.SignUpTest" name="testLoginAfterRegistration" time="6.488"/>
  <testcase classname="com.demoblaze.tests.LoginTest" name="testValidLogin" time="6.137">
    <failure type="java.lang.AssertionError" message="User not logged in! expected [true] but found [false]">
      <![CDATA[java.lang.AssertionError: User not logged in! expected [true] but found [false]
at com.demoblaze.tests.LoginTest.testValidLogin(LoginTest.java:24)
at java.base/java.util.ArrayList.forEach(ArrayList.java:1604)
... Removed 28 stack frames]]>
    </failure>
  </testcase> <!-- testValidLogin -->
  <testcase classname="com.demoblaze.tests.CartTest" name="testAddToCart" time="5.154"/>
  <testcase classname="com.demoblaze.tests.CartTest" name="testDeleteFromCart" time="25.805"/>
  <testcase classname="com.demoblaze.tests.PurchaseTest" name="testPurchaseProduct" time="5.727"/>
</testsuite> <!-- Core Functionality Tests -->
