<html>
<head>
<title>TestNG:  Navigation and UI Tests</title>
<link href="../testng.css" rel="stylesheet" type="text/css" />
<link href="../my-testng.css" rel="stylesheet" type="text/css" />

<style type="text/css">
.log { display: none;} 
.stack-trace { display: none;} 
</style>
<script type="text/javascript">
<!--
function flip(e) {
  current = e.style.display;
  if (current == 'block') {
    e.style.display = 'none';
    return 0;
  }
  else {
    e.style.display = 'block';
    return 1;
  }
}

function toggleBox(szDivId, elem, msg1, msg2)
{
  var res = -1;  if (document.getElementById) {
    res = flip(document.getElementById(szDivId));
  }
  else if (document.all) {
    // this is the way old msie versions work
    res = flip(document.all[szDivId]);
  }
  if(elem) {
    if(res == 0) elem.innerHTML = msg1; else elem.innerHTML = msg2;
  }

}

function toggleAllBoxes() {
  if (document.getElementsByTagName) {
    d = document.getElementsByTagName('div');
    for (i = 0; i < d.length; i++) {
      if (d[i].className == 'log') {
        flip(d[i]);
      }
    }
  }
}

// -->
</script>

</head>
<body>
<h2 align='center'>Navigation and UI Tests</h2><table border='1' align="center">
<tr>
<td>Tests passed/Failed/Skipped:</td><td>10/2/0</td>
</tr><tr>
<td>Started on:</td><td>Thu Sep 04 23:14:47 IST 2025</td>
</tr>
<tr><td>Total time:</td><td>290 seconds (290674 ms)</td>
</tr><tr>
<td>Included groups:</td><td></td>
</tr><tr>
<td>Excluded groups:</td><td></td>
</tr>
</table><p/>
<small><i>(Hover the method name to see the test class name)</i></small><p/>
<table width='100%' border='1' class='invocation-failed'>
<tr><td colspan='4' align='center'><b>FAILED TESTS</b></td></tr>
<tr><td><b>Test method</b></td>
<td><b>Attribute(s)</b></td>
<td width="30%"><b>Exception</b></td>
<td width="10%"><b>Time (seconds)</b></td>
<td><b>Instance</b></td>
</tr>
<tr>
<td title='com.demoblaze.tests.ProductTest.testProductDetailsDisplay()'><b>testProductDetailsDisplay</b><br>Test class: com.demoblaze.tests.ProductTest<br>Test method: TC_PROD_001: Verify product details display - Test that product information is displayed correctly</td>
<td><div><pre>org.openqa.selenium.TimeoutException: Expected condition failed: waiting for visibility of element located by By.xpath: //div[@class=&apos;name&apos;]/h2 (tried for 10 second(s) with 500 milliseconds interval)
Build info: version: &apos;4.35.0&apos;, revision: &apos;1c58e5028b&apos;
System info: os.name: &apos;Windows 11&apos;, os.arch: &apos;amd64&apos;, os.version: &apos;10.0&apos;, java.version: &apos;24.0.2&apos;
Driver info: org.openqa.selenium.chrome.ChromeDriver
Capabilities {acceptInsecureCerts: false, browserName: chrome, browserVersion: 139.0.7258.155, chrome: {chromedriverVersion: 139.0.7258.154 (9e0d6b2b47f..., userDataDir: C:\Users\harsh\AppData\Loca...}, fedcm:accounts: true, goog:chromeOptions: {debuggerAddress: localhost:63942}, networkConnectionEnabled: false, pageLoadStrategy: normal, platformName: windows, proxy: Proxy(), se:cdp: ws://localhost:63942/devtoo..., se:cdpVersion: 139.0.7258.155, setWindowRect: true, strictFileInteractability: false, timeouts: {implicit: 0, pageLoad: 300000, script: 30000}, unhandledPromptBehavior: dismiss and notify, webauthn:extension:credBlob: true, webauthn:extension:largeBlob: true, webauthn:extension:minPinLength: true, webauthn:extension:prf: true, webauthn:virtualAuthenticators: true}
Session ID: a90a7d2001c33c17f5ce9bfce42ddbac
	at org.openqa.selenium.support.ui.WebDriverWait.timeoutException(WebDriverWait.java:84)
	at org.openqa.selenium.support.ui.FluentWait.until(FluentWait.java:228)
	at com.demoblaze.framework.utils.Waits.visible(Waits.java:24)
	at com.demoblaze.framework.utils.ElementActions.text(ElementActions.java:21)
	at com.demoblaze.framework.pages.ProductPage.getProductTitle(ProductPage.java:18)
	at com.demoblaze.tests.ProductTest.testProductDetailsDisplay(ProductTest.java:49)
	at java.base/java.util.ArrayList.forEach(ArrayList.java:1604)
... Removed 25 stack frames</pre></div><a href='#' onClick='toggleBox("stack-trace817025639", this, "Click to show all stack frames", "Click to hide stack frames")'>Click to show all stack frames</a>
<div class='stack-trace' id='stack-trace817025639'><pre>org.openqa.selenium.TimeoutException: Expected condition failed: waiting for visibility of element located by By.xpath: //div[@class=&apos;name&apos;]/h2 (tried for 10 second(s) with 500 milliseconds interval)
Build info: version: &apos;4.35.0&apos;, revision: &apos;1c58e5028b&apos;
System info: os.name: &apos;Windows 11&apos;, os.arch: &apos;amd64&apos;, os.version: &apos;10.0&apos;, java.version: &apos;24.0.2&apos;
Driver info: org.openqa.selenium.chrome.ChromeDriver
Capabilities {acceptInsecureCerts: false, browserName: chrome, browserVersion: 139.0.7258.155, chrome: {chromedriverVersion: 139.0.7258.154 (9e0d6b2b47f..., userDataDir: C:\Users\harsh\AppData\Loca...}, fedcm:accounts: true, goog:chromeOptions: {debuggerAddress: localhost:63942}, networkConnectionEnabled: false, pageLoadStrategy: normal, platformName: windows, proxy: Proxy(), se:cdp: ws://localhost:63942/devtoo..., se:cdpVersion: 139.0.7258.155, setWindowRect: true, strictFileInteractability: false, timeouts: {implicit: 0, pageLoad: 300000, script: 30000}, unhandledPromptBehavior: dismiss and notify, webauthn:extension:credBlob: true, webauthn:extension:largeBlob: true, webauthn:extension:minPinLength: true, webauthn:extension:prf: true, webauthn:virtualAuthenticators: true}
Session ID: a90a7d2001c33c17f5ce9bfce42ddbac
	at org.openqa.selenium.support.ui.WebDriverWait.timeoutException(WebDriverWait.java:84)
	at org.openqa.selenium.support.ui.FluentWait.until(FluentWait.java:228)
	at com.demoblaze.framework.utils.Waits.visible(Waits.java:24)
	at com.demoblaze.framework.utils.ElementActions.text(ElementActions.java:21)
	at com.demoblaze.framework.pages.ProductPage.getProductTitle(ProductPage.java:18)
	at com.demoblaze.tests.ProductTest.testProductDetailsDisplay(ProductTest.java:49)
	at java.base/jdk.internal.reflect.DirectMethodHandleAccessor.invoke(DirectMethodHandleAccessor.java:104)
	at java.base/java.lang.reflect.Method.invoke(Method.java:565)
	at org.testng.internal.invokers.MethodInvocationHelper.invokeMethod(MethodInvocationHelper.java:141)
	at org.testng.internal.invokers.TestInvoker.invokeMethod(TestInvoker.java:687)
	at org.testng.internal.invokers.TestInvoker.invokeTestMethod(TestInvoker.java:230)
	at org.testng.internal.invokers.MethodRunner.runInSequence(MethodRunner.java:63)
	at org.testng.internal.invokers.TestInvoker$MethodInvocationAgent.invoke(TestInvoker.java:995)
	at org.testng.internal.invokers.TestInvoker.invokeTestMethods(TestInvoker.java:203)
	at org.testng.internal.invokers.TestMethodWorker.invokeTestMethods(TestMethodWorker.java:154)
	at org.testng.internal.invokers.TestMethodWorker.run(TestMethodWorker.java:134)
	at java.base/java.util.ArrayList.forEach(ArrayList.java:1604)
	at org.testng.TestRunner.privateRun(TestRunner.java:741)
	at org.testng.TestRunner.run(TestRunner.java:616)
	at org.testng.SuiteRunner.runTest(SuiteRunner.java:421)
	at org.testng.SuiteRunner.runSequentially(SuiteRunner.java:413)
	at org.testng.SuiteRunner.privateRun(SuiteRunner.java:373)
	at org.testng.SuiteRunner.run(SuiteRunner.java:312)
	at org.testng.SuiteRunnerWorker.runSuite(SuiteRunnerWorker.java:52)
	at org.testng.SuiteRunnerWorker.run(SuiteRunnerWorker.java:95)
	at org.testng.TestNG.runSuitesSequentially(TestNG.java:1274)
	at org.testng.TestNG.runSuitesLocally(TestNG.java:1208)
	at org.testng.TestNG.runSuites(TestNG.java:1112)
	at org.testng.TestNG.run(TestNG.java:1079)
	at org.testng.remote.AbstractRemoteTestNG.run(AbstractRemoteTestNG.java:115)
	at org.testng.remote.RemoteTestNG.initAndRun(RemoteTestNG.java:293)
	at org.testng.remote.RemoteTestNG.main(RemoteTestNG.java:91)
</pre></div></td>
<td>11</td>
<td>com.demoblaze.tests.ProductTest@23941fb4</td></tr>
<tr>
<td title='com.demoblaze.tests.NavigationTest.testProductPageNavigation()'><b>testProductPageNavigation</b><br>Test class: com.demoblaze.tests.NavigationTest<br>Test method: TC_NAV_003: Verify product page navigation - Test navigation to individual product pages</td>
<td><div><pre>org.openqa.selenium.TimeoutException: Expected condition failed: waiting for visibility of element located by By.xpath: //div[@class=&apos;name&apos;]/h2 (tried for 10 second(s) with 500 milliseconds interval)
Build info: version: &apos;4.35.0&apos;, revision: &apos;1c58e5028b&apos;
System info: os.name: &apos;Windows 11&apos;, os.arch: &apos;amd64&apos;, os.version: &apos;10.0&apos;, java.version: &apos;24.0.2&apos;
Driver info: org.openqa.selenium.chrome.ChromeDriver
Capabilities {acceptInsecureCerts: false, browserName: chrome, browserVersion: 139.0.7258.155, chrome: {chromedriverVersion: 139.0.7258.154 (9e0d6b2b47f..., userDataDir: C:\Users\harsh\AppData\Loca...}, fedcm:accounts: true, goog:chromeOptions: {debuggerAddress: localhost:62287}, networkConnectionEnabled: false, pageLoadStrategy: normal, platformName: windows, proxy: Proxy(), se:cdp: ws://localhost:62287/devtoo..., se:cdpVersion: 139.0.7258.155, setWindowRect: true, strictFileInteractability: false, timeouts: {implicit: 0, pageLoad: 300000, script: 30000}, unhandledPromptBehavior: dismiss and notify, webauthn:extension:credBlob: true, webauthn:extension:largeBlob: true, webauthn:extension:minPinLength: true, webauthn:extension:prf: true, webauthn:virtualAuthenticators: true}
Session ID: db304bb803d07e1f58196e8c1d922944
	at org.openqa.selenium.support.ui.WebDriverWait.timeoutException(WebDriverWait.java:84)
	at org.openqa.selenium.support.ui.FluentWait.until(FluentWait.java:228)
	at com.demoblaze.framework.utils.Waits.visible(Waits.java:24)
	at com.demoblaze.framework.utils.ElementActions.text(ElementActions.java:21)
	at com.demoblaze.framework.pages.ProductPage.getProductTitle(ProductPage.java:18)
	at com.demoblaze.tests.NavigationTest.testProductPageNavigation(NavigationTest.java:55)
	at java.base/java.util.ArrayList.forEach(ArrayList.java:1604)
... Removed 25 stack frames</pre></div><a href='#' onClick='toggleBox("stack-trace113602559", this, "Click to show all stack frames", "Click to hide stack frames")'>Click to show all stack frames</a>
<div class='stack-trace' id='stack-trace113602559'><pre>org.openqa.selenium.TimeoutException: Expected condition failed: waiting for visibility of element located by By.xpath: //div[@class=&apos;name&apos;]/h2 (tried for 10 second(s) with 500 milliseconds interval)
Build info: version: &apos;4.35.0&apos;, revision: &apos;1c58e5028b&apos;
System info: os.name: &apos;Windows 11&apos;, os.arch: &apos;amd64&apos;, os.version: &apos;10.0&apos;, java.version: &apos;24.0.2&apos;
Driver info: org.openqa.selenium.chrome.ChromeDriver
Capabilities {acceptInsecureCerts: false, browserName: chrome, browserVersion: 139.0.7258.155, chrome: {chromedriverVersion: 139.0.7258.154 (9e0d6b2b47f..., userDataDir: C:\Users\harsh\AppData\Loca...}, fedcm:accounts: true, goog:chromeOptions: {debuggerAddress: localhost:62287}, networkConnectionEnabled: false, pageLoadStrategy: normal, platformName: windows, proxy: Proxy(), se:cdp: ws://localhost:62287/devtoo..., se:cdpVersion: 139.0.7258.155, setWindowRect: true, strictFileInteractability: false, timeouts: {implicit: 0, pageLoad: 300000, script: 30000}, unhandledPromptBehavior: dismiss and notify, webauthn:extension:credBlob: true, webauthn:extension:largeBlob: true, webauthn:extension:minPinLength: true, webauthn:extension:prf: true, webauthn:virtualAuthenticators: true}
Session ID: db304bb803d07e1f58196e8c1d922944
	at org.openqa.selenium.support.ui.WebDriverWait.timeoutException(WebDriverWait.java:84)
	at org.openqa.selenium.support.ui.FluentWait.until(FluentWait.java:228)
	at com.demoblaze.framework.utils.Waits.visible(Waits.java:24)
	at com.demoblaze.framework.utils.ElementActions.text(ElementActions.java:21)
	at com.demoblaze.framework.pages.ProductPage.getProductTitle(ProductPage.java:18)
	at com.demoblaze.tests.NavigationTest.testProductPageNavigation(NavigationTest.java:55)
	at java.base/jdk.internal.reflect.DirectMethodHandleAccessor.invoke(DirectMethodHandleAccessor.java:104)
	at java.base/java.lang.reflect.Method.invoke(Method.java:565)
	at org.testng.internal.invokers.MethodInvocationHelper.invokeMethod(MethodInvocationHelper.java:141)
	at org.testng.internal.invokers.TestInvoker.invokeMethod(TestInvoker.java:687)
	at org.testng.internal.invokers.TestInvoker.invokeTestMethod(TestInvoker.java:230)
	at org.testng.internal.invokers.MethodRunner.runInSequence(MethodRunner.java:63)
	at org.testng.internal.invokers.TestInvoker$MethodInvocationAgent.invoke(TestInvoker.java:995)
	at org.testng.internal.invokers.TestInvoker.invokeTestMethods(TestInvoker.java:203)
	at org.testng.internal.invokers.TestMethodWorker.invokeTestMethods(TestMethodWorker.java:154)
	at org.testng.internal.invokers.TestMethodWorker.run(TestMethodWorker.java:134)
	at java.base/java.util.ArrayList.forEach(ArrayList.java:1604)
	at org.testng.TestRunner.privateRun(TestRunner.java:741)
	at org.testng.TestRunner.run(TestRunner.java:616)
	at org.testng.SuiteRunner.runTest(SuiteRunner.java:421)
	at org.testng.SuiteRunner.runSequentially(SuiteRunner.java:413)
	at org.testng.SuiteRunner.privateRun(SuiteRunner.java:373)
	at org.testng.SuiteRunner.run(SuiteRunner.java:312)
	at org.testng.SuiteRunnerWorker.runSuite(SuiteRunnerWorker.java:52)
	at org.testng.SuiteRunnerWorker.run(SuiteRunnerWorker.java:95)
	at org.testng.TestNG.runSuitesSequentially(TestNG.java:1274)
	at org.testng.TestNG.runSuitesLocally(TestNG.java:1208)
	at org.testng.TestNG.runSuites(TestNG.java:1112)
	at org.testng.TestNG.run(TestNG.java:1079)
	at org.testng.remote.AbstractRemoteTestNG.run(AbstractRemoteTestNG.java:115)
	at org.testng.remote.RemoteTestNG.initAndRun(RemoteTestNG.java:293)
	at org.testng.remote.RemoteTestNG.main(RemoteTestNG.java:91)
</pre></div></td>
<td>11</td>
<td>com.demoblaze.tests.NavigationTest@1df8da7a</td></tr>
</table><p>
<table width='100%' border='1' class='invocation-passed'>
<tr><td colspan='4' align='center'><b>PASSED TESTS</b></td></tr>
<tr><td><b>Test method</b></td>
<td><b>Attribute(s)</b></td>
<td width="30%"><b>Exception</b></td>
<td width="10%"><b>Time (seconds)</b></td>
<td><b>Instance</b></td>
</tr>
<tr>
<td title='com.demoblaze.tests.ProductTest.testProductCategoriesContent()'><b>testProductCategoriesContent</b><br>Test class: com.demoblaze.tests.ProductTest<br>Test method: TC_PROD_004: Verify product categories contain expected products - Test that each category shows correct products</td>
<td></td>
<td>2</td>
<td>com.demoblaze.tests.ProductTest@23941fb4</td></tr>
<tr>
<td title='com.demoblaze.tests.NavigationTest.testCartPageNavigation()'><b>testCartPageNavigation</b><br>Test class: com.demoblaze.tests.NavigationTest<br>Test method: TC_NAV_004: Verify cart page navigation - Test navigation to cart page</td>
<td></td>
<td>1</td>
<td>com.demoblaze.tests.NavigationTest@1df8da7a</td></tr>
<tr>
<td title='com.demoblaze.tests.NavigationTest.testBackNavigation()'><b>testBackNavigation</b><br>Test class: com.demoblaze.tests.NavigationTest<br>Test method: TC_NAV_006: Verify back navigation - Test browser back functionality</td>
<td></td>
<td>2</td>
<td>com.demoblaze.tests.NavigationTest@1df8da7a</td></tr>
<tr>
<td title='com.demoblaze.tests.ProductTest.testAddToCartFromProductPage()'><b>testAddToCartFromProductPage</b><br>Test class: com.demoblaze.tests.ProductTest<br>Test method: TC_PROD_002: Verify add to cart functionality - Test adding products to cart from product page</td>
<td></td>
<td>6</td>
<td>com.demoblaze.tests.ProductTest@23941fb4</td></tr>
<tr>
<td title='com.demoblaze.tests.NavigationTest.testModalNavigation()'><b>testModalNavigation</b><br>Test class: com.demoblaze.tests.NavigationTest<br>Test method: TC_NAV_005: Verify modal navigation - Test opening and closing of modals</td>
<td></td>
<td>2</td>
<td>com.demoblaze.tests.NavigationTest@1df8da7a</td></tr>
<tr>
<td title='com.demoblaze.tests.ProductTest.testAddMultipleProductsToCart()'><b>testAddMultipleProductsToCart</b><br>Test class: com.demoblaze.tests.ProductTest<br>Test method: TC_PROD_003: Verify multiple products can be added to cart - Test adding multiple different products</td>
<td></td>
<td>13</td>
<td>com.demoblaze.tests.ProductTest@23941fb4</td></tr>
<tr>
<td title='com.demoblaze.tests.ProductTest.testProductSearch()'><b>testProductSearch</b><br>Test class: com.demoblaze.tests.ProductTest<br>Test method: TC_PROD_006: Verify product search functionality - Test searching for specific products</td>
<td></td>
<td>1</td>
<td>com.demoblaze.tests.ProductTest@23941fb4</td></tr>
<tr>
<td title='com.demoblaze.tests.NavigationTest.testCategoryNavigation()'><b>testCategoryNavigation</b><br>Test class: com.demoblaze.tests.NavigationTest<br>Test method: TC_NAV_002: Verify category navigation - Test navigation to different product categories</td>
<td></td>
<td>2</td>
<td>com.demoblaze.tests.NavigationTest@1df8da7a</td></tr>
<tr>
<td title='com.demoblaze.tests.ProductTest.testProductPriceCalculation()'><b>testProductPriceCalculation</b><br>Test class: com.demoblaze.tests.ProductTest<br>Test method: TC_PROD_005: Verify product price calculation - Test that cart total is calculated correctly</td>
<td></td>
<td>28</td>
<td>com.demoblaze.tests.ProductTest@23941fb4</td></tr>
<tr>
<td title='com.demoblaze.tests.NavigationTest.testHomePageNavigation()'><b>testHomePageNavigation</b><br>Test class: com.demoblaze.tests.NavigationTest<br>Test method: TC_NAV_001: Verify home page navigation - Test navigation to home page</td>
<td></td>
<td>0</td>
<td>com.demoblaze.tests.NavigationTest@1df8da7a</td></tr>
</table><p>
</body>
</html>