<?xml version="1.0" encoding="UTF-8"?>
<!-- Generated by org.testng.reporters.JUnitXMLReporter -->
<testsuite ignored="0" hostname="LAPTOP-D8A5FL4O" failures="3" tests="10" name="Negative Testing" time="211.22" errors="0" timestamp="2025-09-04T23:25:25 IST">
  <testcase classname="com.demoblaze.tests.NegativeTest" name="testCartAccessWithoutLogin" time="21.848"/>
  <testcase classname="com.demoblaze.tests.NegativeTest" name="testLoginWithEmptyCredentials" time="30.673"/>
  <testcase classname="com.demoblaze.tests.NegativeTest" name="testLoginWithInvalidPassword" time="35.765"/>
  <testcase classname="com.demoblaze.tests.NegativeTest" name="testLoginWithInvalidUsername" time="33.717"/>
  <testcase classname="com.demoblaze.tests.NegativeTest" name="testPurchaseWithEmptyPaymentForm" time="6.517">
    <failure type="java.lang.AssertionError" message="Expected error message for empty form, got: Please fill out Name and Creditcard. expected [true] but found [false]">
      <![CDATA[java.lang.AssertionError: Expected error message for empty form, got: Please fill out Name and Creditcard. expected [true] but found [false]
at com.demoblaze.tests.NegativeTest.testPurchaseWithEmptyPaymentForm(NegativeTest.java:276)
at java.base/java.util.ArrayList.forEach(ArrayList.java:1604)
... Removed 28 stack frames]]>
    </failure>
  </testcase> <!-- testPurchaseWithEmptyPaymentForm -->
  <testcase classname="com.demoblaze.tests.NegativeTest" name="testPurchaseWithInvalidPaymentDetails" time="6.128">
    <failure type="java.lang.AssertionError" message="Expected error message for invalid payment, got: Please fill out Name and Creditcard. expected [true] but found [false]">
      <![CDATA[java.lang.AssertionError: Expected error message for invalid payment, got: Please fill out Name and Creditcard. expected [true] but found [false]
at com.demoblaze.tests.NegativeTest.testPurchaseWithInvalidPaymentDetails(NegativeTest.java:237)
at java.base/java.util.ArrayList.forEach(ArrayList.java:1604)
... Removed 28 stack frames]]>
    </failure>
  </testcase> <!-- testPurchaseWithInvalidPaymentDetails -->
  <testcase classname="com.demoblaze.tests.NegativeTest" name="testPurchaseWithoutLogin" time="25.709"/>
  <testcase classname="com.demoblaze.tests.NegativeTest" name="testRegistrationWithEmptyFields" time="6.7"/>
  <testcase classname="com.demoblaze.tests.NegativeTest" name="testRegistrationWithExistingUsername" time="12.997">
    <failure type="org.openqa.selenium.TimeoutException" message="Expected condition failed: waiting for element to be clickable: By.xpath: //div[@id=&amp;apos;signInModal&amp;apos;]//button[text()=&amp;apos;Close&amp;apos;] (tried for 10 second(s) with 500 milliseconds interval)
Build info: version: &amp;apos;4.35.0&amp;apos;, revision: &amp;apos;1c58e5028b&amp;apos;
System info: os.name: &amp;apos;Windows 11&amp;apos;, os.arch: &amp;apos;amd64&amp;apos;, os.version: &amp;apos;10.0&amp;apos;, java.version: &amp;apos;24.0.2&amp;apos;
Driver info: org.openqa.selenium.chrome.ChromeDriver
Capabilities {acceptInsecureCerts: false, browserName: chrome, browserVersion: 139.0.7258.155, chrome: {chromedriverVersion: 139.0.7258.154 (9e0d6b2b47f..., userDataDir: C:\Users\harsh\AppData\Loca...}, fedcm:accounts: true, goog:chromeOptions: {debuggerAddress: localhost:52613}, networkConnectionEnabled: false, pageLoadStrategy: normal, platformName: windows, proxy: Proxy(), se:cdp: ws://localhost:52613/devtoo..., se:cdpVersion: 139.0.7258.155, setWindowRect: true, strictFileInteractability: false, timeouts: {implicit: 0, pageLoad: 300000, script: 30000}, unhandledPromptBehavior: dismiss and notify, webauthn:extension:credBlob: true, webauthn:extension:largeBlob: true, webauthn:extension:minPinLength: true, webauthn:extension:prf: true, webauthn:virtualAuthenticators: true}
Session ID: 2865a2a4830d9ae626792180586abb1c">
      <![CDATA[org.openqa.selenium.TimeoutException: Expected condition failed: waiting for element to be clickable: By.xpath: //div[@id='signInModal']//button[text()='Close'] (tried for 10 second(s) with 500 milliseconds interval)
Build info: version: '4.35.0', revision: '1c58e5028b'
System info: os.name: 'Windows 11', os.arch: 'amd64', os.version: '10.0', java.version: '24.0.2'
Driver info: org.openqa.selenium.chrome.ChromeDriver
Capabilities {acceptInsecureCerts: false, browserName: chrome, browserVersion: 139.0.7258.155, chrome: {chromedriverVersion: 139.0.7258.154 (9e0d6b2b47f..., userDataDir: C:\Users\harsh\AppData\Loca...}, fedcm:accounts: true, goog:chromeOptions: {debuggerAddress: localhost:52613}, networkConnectionEnabled: false, pageLoadStrategy: normal, platformName: windows, proxy: Proxy(), se:cdp: ws://localhost:52613/devtoo..., se:cdpVersion: 139.0.7258.155, setWindowRect: true, strictFileInteractability: false, timeouts: {implicit: 0, pageLoad: 300000, script: 30000}, unhandledPromptBehavior: dismiss and notify, webauthn:extension:credBlob: true, webauthn:extension:largeBlob: true, webauthn:extension:minPinLength: true, webauthn:extension:prf: true, webauthn:virtualAuthenticators: true}
Session ID: 2865a2a4830d9ae626792180586abb1c
at org.openqa.selenium.support.ui.WebDriverWait.timeoutException(WebDriverWait.java:84)
at org.openqa.selenium.support.ui.FluentWait.until(FluentWait.java:228)
at com.demoblaze.framework.utils.Waits.clickable(Waits.java:28)
at com.demoblaze.framework.utils.ElementActions.click(ElementActions.java:10)
at com.demoblaze.tests.NegativeTest.testRegistrationWithExistingUsername(NegativeTest.java:82)
at java.base/java.util.ArrayList.forEach(ArrayList.java:1604)
... Removed 25 stack frames]]>
    </failure>
  </testcase> <!-- testRegistrationWithExistingUsername -->
  <testcase classname="com.demoblaze.tests.NegativeTest" name="testRegistrationWithShortPassword" time="7.394"/>
</testsuite> <!-- Negative Testing -->
