<?xml version="1.0" encoding="UTF-8"?>
<!-- Generated by org.testng.reporters.JUnitXMLReporter -->
<testsuite ignored="0" hostname="LAPTOP-D8A5FL4O" failures="1" tests="6" name="DemoBlaze Test Suite" time="140.26" errors="0" timestamp="2025-09-04T03:37:49 IST">
  <testcase classname="com.demoblaze.tests.SignUpTest" name="testValidUserRegistration" time="2.315"/>
  <testcase classname="com.demoblaze.tests.SignUpTest" name="testLoginAfterRegistration" time="6.418"/>
  <testcase classname="com.demoblaze.tests.CartTest" name="testAddToCart" time="5.211"/>
  <testcase classname="com.demoblaze.tests.CartTest" name="testDeleteFromCart" time="25.88"/>
  <testcase classname="com.demoblaze.tests.PurchaseTest" name="testPurchaseProduct" time="5.579"/>
  <testcase classname="com.demoblaze.tests.LoginTest" name="testValidLogin" time="6.041">
    <failure type="java.lang.AssertionError" message="User not logged in! expected [true] but found [false]">
      <![CDATA[java.lang.AssertionError: User not logged in! expected [true] but found [false]
at com.demoblaze.tests.LoginTest.testValidLogin(LoginTest.java:24)
at java.base/java.util.ArrayList.forEach(ArrayList.java:1604)
... Removed 28 stack frames]]>
    </failure>
  </testcase> <!-- testValidLogin -->
</testsuite> <!-- DemoBlaze Test Suite -->
