<?xml version="1.0" encoding="UTF-8"?>
<!-- Generated by org.testng.reporters.JUnitXMLReporter -->
<testsuite ignored="0" hostname="LAPTOP-D8A5FL4O" failures="1" tests="7" name="Core Functionality Tests" time="151.542" errors="0" timestamp="2025-09-06T10:08:07 IST">
  <testcase classname="com.demoblaze.tests.SignUpTest" name="testValidUserRegistration" time="2.901"/>
  <testcase classname="com.demoblaze.tests.SignUpTest" name="testLoginAfterRegistration" time="6.508"/>
  <testcase classname="com.demoblaze.tests.LoginTest" name="testValidLogin" time="6.957">
    <failure type="java.lang.AssertionError" message="User not logged in! expected [true] but found [false]">
      <![CDATA[java.lang.AssertionError: User not logged in! expected [true] but found [false]
at com.demoblaze.tests.LoginTest.testValidLogin(LoginTest.java:29)
at java.base/java.util.ArrayList.forEach(ArrayList.java:1604)
... Removed 28 stack frames]]>
    </failure>
  </testcase> <!-- testValidLogin -->
  <testcase classname="com.demoblaze.tests.LoginTest" name="testLoginWithCreatedUser" time="6.345"/>
  <testcase classname="com.demoblaze.tests.CartTest" name="testAddToCart" time="4.795"/>
  <testcase classname="com.demoblaze.tests.CartTest" name="testDeleteFromCart" time="25.754"/>
  <testcase classname="com.demoblaze.tests.PurchaseTest" name="testPurchaseProduct" time="5.591"/>
</testsuite> <!-- Core Functionality Tests -->
