<?xml version="1.0" encoding="UTF-8"?>
<!-- Generated by org.testng.reporters.JUnitXMLReporter -->
<testsuite ignored="0" hostname="LAPTOP-D8A5FL4O" failures="1" tests="14" name="Essential Test Suite" time="298.439" errors="0" timestamp="2025-09-06T10:15:49 IST">
  <testcase classname="com.demoblaze.tests.SignUpTest" name="testValidUserRegistration" time="2.282"/>
  <testcase classname="com.demoblaze.tests.SignUpTest" name="testLoginAfterRegistration" time="6.43"/>
  <testcase classname="com.demoblaze.tests.LoginTest" name="testValidLogin" time="6.875">
    <failure type="java.lang.AssertionError" message="User not logged in! expected [true] but found [false]">
      <![CDATA[java.lang.AssertionError: User not logged in! expected [true] but found [false]
at com.demoblaze.tests.LoginTest.testValidLogin(LoginTest.java:29)
at java.base/java.util.ArrayList.forEach(ArrayList.java:1604)
... Removed 28 stack frames]]>
    </failure>
  </testcase> <!-- testValidLogin -->
  <testcase classname="com.demoblaze.tests.LoginTest" name="testLoginWithCreatedUser" time="6.296"/>
  <testcase classname="com.demoblaze.tests.NavigationTest" name="testCategoryNavigation" time="1.138"/>
  <testcase classname="com.demoblaze.tests.NavigationTest" name="testHomePageNavigation" time="0.461"/>
  <testcase classname="com.demoblaze.tests.ProductTest" name="testAddToCartFromProductPage" time="5.846"/>
  <testcase classname="com.demoblaze.tests.ProductTest" name="testProductCategoriesContent" time="0.749"/>
  <testcase classname="com.demoblaze.tests.CartTest" name="testAddToCart" time="4.706"/>
  <testcase classname="com.demoblaze.tests.CartTest" name="testDeleteFromCart" time="5.529"/>
  <testcase classname="com.demoblaze.tests.PurchaseTest" name="testPurchaseProduct" time="5.306"/>
  <testcase classname="com.demoblaze.tests.UserManagementTest" name="testUserLogout" time="29.25"/>
  <testcase classname="com.demoblaze.tests.UserManagementTest" name="testUserRegistrationWithUniqueUsername" time="8.017"/>
  <testcase classname="com.demoblaze.tests.NegativeTest" name="testLoginWithInvalidUsername" time="32.73"/>
</testsuite> <!-- Essential Test Suite -->
