<?xml version="1.0" encoding="UTF-8"?>
<!-- Generated by org.testng.reporters.JUnitXMLReporter -->
<testsuite ignored="0" hostname="LAPTOP-D8A5FL4O" failures="1" tests="2" name="Performance Testing" time="66.554" errors="0" timestamp="2025-09-06T09:39:43 IST">
  <testcase classname="com.demoblaze.tests.PerformanceTest" name="testAddToCartPerformance" time="3.455">
    <failure type="java.lang.AssertionError" message="Add to cart operation too slow: 2094ms expected [true] but found [false]">
      <![CDATA[java.lang.AssertionError: Add to cart operation too slow: 2094ms expected [true] but found [false]
at com.demoblaze.tests.PerformanceTest.testAddToCartPerformance(PerformanceTest.java:78)
at java.base/java.util.ArrayList.forEach(ArrayList.java:1604)
... Removed 28 stack frames]]>
    </failure>
  </testcase> <!-- testAddToCartPerformance -->
  <testcase classname="com.demoblaze.tests.PerformanceTest" name="testPageLoadTime" time="0.144"/>
</testsuite> <!-- Performance Testing -->
