<!DOCTYPE html PUBLIC "-//W3C//DTD XHTML 1.1//EN" "https://www.w3.org/TR/xhtml11/DTD/xhtml11.dtd">
<html xmlns="https://www.w3.org/1999/xhtml">
<head>
<meta http-equiv="content-type" content="text/html; charset=UTF-8"/>
<title>TestNG Report</title>
<style type="text/css">table {margin-bottom:10px;border-collapse:collapse;empty-cells:show}th,td {border:1px solid #009;padding:.25em .5em}th {vertical-align:bottom}td {vertical-align:top}table a {font-weight:bold}.stripe td {background-color: #E6EBF9}.num {text-align:right}.passedodd td {background-color: #3F3}.passedeven td {background-color: #0A0}.skippedodd td {background-color: #DDD}.skippedeven td {background-color: #CCC}.failedodd td,.attn {background-color: #F33}.failedeven td,.stripe .attn {background-color: #D00}.stacktrace {white-space:pre;font-family:monospace}.totop {font-size:85%;text-align:center;border-bottom:2px solid #000}.invisible {display:none}</style>
</head>
<body>
<table>
<tr><th>Test</th><th># Passed</th><th># Skipped</th><th># Retried</th><th># Failed</th><th>Time (ms)</th><th>Included Groups</th><th>Excluded Groups</th></tr>
<tr><th colspan="8">DemoBlaze Essential Test Suite</th></tr>
<tr><td><a href="#t0">Core Functionality Tests</a></td><td class="num">6</td><td class="num">0</td><td class="num">0</td><td class="num attn">1</td><td class="num">151,542</td><td></td><td></td></tr>
<tr class="stripe"><td><a href="#t1">Navigation and UI Tests</a></td><td class="num">4</td><td class="num">0</td><td class="num">0</td><td class="num">0</td><td class="num">75,512</td><td></td><td></td></tr>
<tr><td><a href="#t2">User Management Tests</a></td><td class="num">2</td><td class="num">0</td><td class="num">0</td><td class="num">0</td><td class="num">61,143</td><td></td><td></td></tr>
<tr class="stripe"><td><a href="#t3">Negative Testing</a></td><td class="num">1</td><td class="num">0</td><td class="num">0</td><td class="num">0</td><td class="num">26,275</td><td></td><td></td></tr>
<tr><td><a href="#t4">Essential Test Suite</a></td><td class="num">13</td><td class="num">0</td><td class="num">0</td><td class="num attn">1</td><td class="num">298,439</td><td></td><td></td></tr>
<tr><th>Total</th><th class="num">26</th><th class="num">0</th><th class="num">0</th><th class="num attn">2</th><th class="num">612,911</th><th colspan="2"></th></tr>
</table>
<table id='summary'><thead><tr><th>Class</th><th>Method</th><th>Start</th><th>Time (ms)</th></tr></thead><tbody><tr><th colspan="4">DemoBlaze Essential Test Suite</th></tr></tbody><tbody id="t0"><tr><th colspan="4">Core Functionality Tests &#8212; failed</th></tr><tr class="failedeven"><td rowspan="1">com.demoblaze.tests.LoginTest</td><td><a href="#m0">testValidLogin</a></td><td rowspan="1">1757133353485</td><td rowspan="1">6957</td></tr><tr><th colspan="4">Core Functionality Tests &#8212; passed</th></tr><tr class="passedeven"><td rowspan="2">com.demoblaze.tests.CartTest</td><td><a href="#m1">testAddToCart</a></td><td rowspan="1">1757133400945</td><td rowspan="1">4795</td></tr><tr class="passedeven"><td><a href="#m2">testDeleteFromCart</a></td><td rowspan="1">1757133436817</td><td rowspan="1">25754</td></tr><tr class="passedodd"><td rowspan="1">com.demoblaze.tests.LoginTest</td><td><a href="#m3">testLoginWithCreatedUser</a></td><td rowspan="1">1757133363205</td><td rowspan="1">6345</td></tr><tr class="passedeven"><td rowspan="1">com.demoblaze.tests.PurchaseTest</td><td><a href="#m4">testPurchaseProduct</a></td><td rowspan="1">1757133481564</td><td rowspan="1">5591</td></tr><tr class="passedodd"><td rowspan="2">com.demoblaze.tests.SignUpTest</td><td><a href="#m5">testLoginAfterRegistration</a></td><td rowspan="1">1757133344897</td><td rowspan="1">6508</td></tr><tr class="passedodd"><td><a href="#m6">testValidUserRegistration</a></td><td rowspan="1">1757133339436</td><td rowspan="1">2901</td></tr></tbody>
<tbody id="t1"><tr><th colspan="4">Navigation and UI Tests &#8212; passed</th></tr><tr class="passedeven"><td rowspan="2">com.demoblaze.tests.NavigationTest</td><td><a href="#m7">testCategoryNavigation</a></td><td rowspan="1">1757133489826</td><td rowspan="1">1154</td></tr><tr class="passedeven"><td><a href="#m8">testHomePageNavigation</a></td><td rowspan="1">1757133493184</td><td rowspan="1">516</td></tr><tr class="passedodd"><td rowspan="2">com.demoblaze.tests.ProductTest</td><td><a href="#m9">testAddToCartFromProductPage</a></td><td rowspan="1">1757133525002</td><td rowspan="1">5735</td></tr><tr class="passedodd"><td><a href="#m10">testProductCategoriesContent</a></td><td rowspan="1">1757133562170</td><td rowspan="1">755</td></tr></tbody>
<tbody id="t2"><tr><th colspan="4">User Management Tests &#8212; passed</th></tr><tr class="passedeven"><td rowspan="2">com.demoblaze.tests.UserManagementTest</td><td><a href="#m11">testUserLogout</a></td><td rowspan="1">1757133565365</td><td rowspan="1">29545</td></tr><tr class="passedeven"><td><a href="#m12">testUserRegistrationWithUniqueUsername</a></td><td rowspan="1">1757133616148</td><td rowspan="1">7941</td></tr></tbody>
<tbody id="t3"><tr><th colspan="4">Negative Testing &#8212; passed</th></tr><tr class="passedeven"><td rowspan="1">com.demoblaze.tests.NegativeTest</td><td><a href="#m13">testLoginWithInvalidUsername</a></td><td rowspan="1">1757133624407</td><td rowspan="1">25982</td></tr></tbody>
<tbody id="t4"><tr><th colspan="4">Essential Test Suite &#8212; failed</th></tr><tr class="failedeven"><td rowspan="1">com.demoblaze.tests.LoginTest</td><td><a href="#m14">testValidLogin</a></td><td rowspan="1">1757133666129</td><td rowspan="1">6875</td></tr><tr><th colspan="4">Essential Test Suite &#8212; passed</th></tr><tr class="passedeven"><td rowspan="2">com.demoblaze.tests.CartTest</td><td><a href="#m15">testAddToCart</a></td><td rowspan="1">1757133788618</td><td rowspan="1">4706</td></tr><tr class="passedeven"><td><a href="#m16">testDeleteFromCart</a></td><td rowspan="1">1757133824933</td><td rowspan="1">5529</td></tr><tr class="passedodd"><td rowspan="1">com.demoblaze.tests.LoginTest</td><td><a href="#m17">testLoginWithCreatedUser</a></td><td rowspan="1">1757133675609</td><td rowspan="1">6296</td></tr><tr class="passedeven"><td rowspan="2">com.demoblaze.tests.NavigationTest</td><td><a href="#m18">testCategoryNavigation</a></td><td rowspan="1">1757133684400</td><td rowspan="1">1138</td></tr><tr class="passedeven"><td><a href="#m19">testHomePageNavigation</a></td><td rowspan="1">1757133687917</td><td rowspan="1">461</td></tr><tr class="passedodd"><td rowspan="1">com.demoblaze.tests.NegativeTest</td><td><a href="#m20">testLoginWithInvalidUsername</a></td><td rowspan="1">1757133916138</td><td rowspan="1">32730</td></tr><tr class="passedeven"><td rowspan="2">com.demoblaze.tests.ProductTest</td><td><a href="#m21">testAddToCartFromProductPage</a></td><td rowspan="1">1757133719290</td><td rowspan="1">5846</td></tr><tr class="passedeven"><td><a href="#m22">testProductCategoriesContent</a></td><td rowspan="1">1757133756465</td><td rowspan="1">749</td></tr><tr class="passedodd"><td rowspan="1">com.demoblaze.tests.PurchaseTest</td><td><a href="#m23">testPurchaseProduct</a></td><td rowspan="1">1757133849586</td><td rowspan="1">5306</td></tr><tr class="passedeven"><td rowspan="2">com.demoblaze.tests.SignUpTest</td><td><a href="#m24">testLoginAfterRegistration</a></td><td rowspan="1">1757133657495</td><td rowspan="1">6430</td></tr><tr class="passedeven"><td><a href="#m25">testValidUserRegistration</a></td><td rowspan="1">1757133653009</td><td rowspan="1">2282</td></tr><tr class="passedodd"><td rowspan="2">com.demoblaze.tests.UserManagementTest</td><td><a href="#m26">testUserLogout</a></td><td rowspan="1">1757133857206</td><td rowspan="1">29250</td></tr><tr class="passedodd"><td><a href="#m27">testUserRegistrationWithUniqueUsername</a></td><td rowspan="1">1757133907979</td><td rowspan="1">8017</td></tr></tbody>
</table>
<h2>Core Functionality Tests</h2><h3 id="m0">com.demoblaze.tests.LoginTest#testValidLogin</h3><table class="result"><tr><th>Exception</th></tr><tr><td><div class="stacktrace">java.lang.AssertionError: User not logged in! expected [true] but found [false]
	at com.demoblaze.tests.LoginTest.testValidLogin(LoginTest.java:29)
	at java.base/java.util.ArrayList.forEach(ArrayList.java:1604)
... Removed 28 stack frames</div></td></tr></table><p class="totop"><a href="#summary">back to summary</a></p>
<h3 id="m1">com.demoblaze.tests.CartTest#testAddToCart</h3><table class="result"><tr><th class="invisible"/></tr></table><p class="totop"><a href="#summary">back to summary</a></p>
<h3 id="m2">com.demoblaze.tests.CartTest#testDeleteFromCart</h3><table class="result"><tr><th class="invisible"/></tr></table><p class="totop"><a href="#summary">back to summary</a></p>
<h3 id="m3">com.demoblaze.tests.LoginTest#testLoginWithCreatedUser</h3><table class="result"><tr><th class="invisible"/></tr></table><p class="totop"><a href="#summary">back to summary</a></p>
<h3 id="m4">com.demoblaze.tests.PurchaseTest#testPurchaseProduct</h3><table class="result"><tr><th class="invisible"/></tr></table><p class="totop"><a href="#summary">back to summary</a></p>
<h3 id="m5">com.demoblaze.tests.SignUpTest#testLoginAfterRegistration</h3><table class="result"><tr><th class="invisible"/></tr></table><p class="totop"><a href="#summary">back to summary</a></p>
<h3 id="m6">com.demoblaze.tests.SignUpTest#testValidUserRegistration</h3><table class="result"><tr><th class="invisible"/></tr></table><p class="totop"><a href="#summary">back to summary</a></p>
<h2>Navigation and UI Tests</h2><h3 id="m7">com.demoblaze.tests.NavigationTest#testCategoryNavigation</h3><table class="result"><tr><th class="invisible"/></tr></table><p class="totop"><a href="#summary">back to summary</a></p>
<h3 id="m8">com.demoblaze.tests.NavigationTest#testHomePageNavigation</h3><table class="result"><tr><th class="invisible"/></tr></table><p class="totop"><a href="#summary">back to summary</a></p>
<h3 id="m9">com.demoblaze.tests.ProductTest#testAddToCartFromProductPage</h3><table class="result"><tr><th class="invisible"/></tr></table><p class="totop"><a href="#summary">back to summary</a></p>
<h3 id="m10">com.demoblaze.tests.ProductTest#testProductCategoriesContent</h3><table class="result"><tr><th class="invisible"/></tr></table><p class="totop"><a href="#summary">back to summary</a></p>
<h2>User Management Tests</h2><h3 id="m11">com.demoblaze.tests.UserManagementTest#testUserLogout</h3><table class="result"><tr><th class="invisible"/></tr></table><p class="totop"><a href="#summary">back to summary</a></p>
<h3 id="m12">com.demoblaze.tests.UserManagementTest#testUserRegistrationWithUniqueUsername</h3><table class="result"><tr><th class="invisible"/></tr></table><p class="totop"><a href="#summary">back to summary</a></p>
<h2>Negative Testing</h2><h3 id="m13">com.demoblaze.tests.NegativeTest#testLoginWithInvalidUsername</h3><table class="result"><tr><th class="invisible"/></tr></table><p class="totop"><a href="#summary">back to summary</a></p>
<h2>Essential Test Suite</h2><h3 id="m14">com.demoblaze.tests.LoginTest#testValidLogin</h3><table class="result"><tr><th>Exception</th></tr><tr><td><div class="stacktrace">java.lang.AssertionError: User not logged in! expected [true] but found [false]
	at com.demoblaze.tests.LoginTest.testValidLogin(LoginTest.java:29)
	at java.base/java.util.ArrayList.forEach(ArrayList.java:1604)
... Removed 28 stack frames</div></td></tr></table><p class="totop"><a href="#summary">back to summary</a></p>
<h3 id="m15">com.demoblaze.tests.CartTest#testAddToCart</h3><table class="result"><tr><th class="invisible"/></tr></table><p class="totop"><a href="#summary">back to summary</a></p>
<h3 id="m16">com.demoblaze.tests.CartTest#testDeleteFromCart</h3><table class="result"><tr><th class="invisible"/></tr></table><p class="totop"><a href="#summary">back to summary</a></p>
<h3 id="m17">com.demoblaze.tests.LoginTest#testLoginWithCreatedUser</h3><table class="result"><tr><th class="invisible"/></tr></table><p class="totop"><a href="#summary">back to summary</a></p>
<h3 id="m18">com.demoblaze.tests.NavigationTest#testCategoryNavigation</h3><table class="result"><tr><th class="invisible"/></tr></table><p class="totop"><a href="#summary">back to summary</a></p>
<h3 id="m19">com.demoblaze.tests.NavigationTest#testHomePageNavigation</h3><table class="result"><tr><th class="invisible"/></tr></table><p class="totop"><a href="#summary">back to summary</a></p>
<h3 id="m20">com.demoblaze.tests.NegativeTest#testLoginWithInvalidUsername</h3><table class="result"><tr><th class="invisible"/></tr></table><p class="totop"><a href="#summary">back to summary</a></p>
<h3 id="m21">com.demoblaze.tests.ProductTest#testAddToCartFromProductPage</h3><table class="result"><tr><th class="invisible"/></tr></table><p class="totop"><a href="#summary">back to summary</a></p>
<h3 id="m22">com.demoblaze.tests.ProductTest#testProductCategoriesContent</h3><table class="result"><tr><th class="invisible"/></tr></table><p class="totop"><a href="#summary">back to summary</a></p>
<h3 id="m23">com.demoblaze.tests.PurchaseTest#testPurchaseProduct</h3><table class="result"><tr><th class="invisible"/></tr></table><p class="totop"><a href="#summary">back to summary</a></p>
<h3 id="m24">com.demoblaze.tests.SignUpTest#testLoginAfterRegistration</h3><table class="result"><tr><th class="invisible"/></tr></table><p class="totop"><a href="#summary">back to summary</a></p>
<h3 id="m25">com.demoblaze.tests.SignUpTest#testValidUserRegistration</h3><table class="result"><tr><th class="invisible"/></tr></table><p class="totop"><a href="#summary">back to summary</a></p>
<h3 id="m26">com.demoblaze.tests.UserManagementTest#testUserLogout</h3><table class="result"><tr><th class="invisible"/></tr></table><p class="totop"><a href="#summary">back to summary</a></p>
<h3 id="m27">com.demoblaze.tests.UserManagementTest#testUserRegistrationWithUniqueUsername</h3><table class="result"><tr><th class="invisible"/></tr></table><p class="totop"><a href="#summary">back to summary</a></p>
</body>
</html>
