<?xml version="1.0" encoding="UTF-8"?>
<testng-results ignored="0" total="28" passed="26" failed="2" skipped="0">
  <reporter-output>
  </reporter-output>
  <suite started-at="2025-09-06T10:05:35 IST" name="DemoBlaze Essential Test Suite" finished-at="2025-09-06T10:15:49 IST" duration-ms="613277">
    <groups>
      <group name="login">
        <method signature="LoginTest.testValidLogin()[pri:0, instance:com.demoblaze.tests.LoginTest@130d63be]" name="testValidLogin" class="com.demoblaze.tests.LoginTest"/>
        <method signature="LoginTest.testLoginWithCreatedUser()[pri:0, instance:com.demoblaze.tests.LoginTest@130d63be]" name="testLoginWithCreatedUser" class="com.demoblaze.tests.LoginTest"/>
        <method signature="LoginTest.testValidLogin()[pri:0, instance:com.demoblaze.tests.LoginTest@2d29b4ee]" name="testValidLogin" class="com.demoblaze.tests.LoginTest"/>
        <method signature="LoginTest.testLoginWithCreatedUser()[pri:0, instance:com.demoblaze.tests.LoginTest@2d29b4ee]" name="testLoginWithCreatedUser" class="com.demoblaze.tests.LoginTest"/>
      </group> <!-- login -->
      <group name="signup">
        <method signature="SignUpTest.testValidUserRegistration()[pri:0, instance:com.demoblaze.tests.SignUpTest@1bd4fdd]" name="testValidUserRegistration" class="com.demoblaze.tests.SignUpTest"/>
        <method signature="SignUpTest.testLoginAfterRegistration()[pri:0, instance:com.demoblaze.tests.SignUpTest@1bd4fdd]" name="testLoginAfterRegistration" class="com.demoblaze.tests.SignUpTest"/>
        <method signature="SignUpTest.testValidUserRegistration()[pri:0, instance:com.demoblaze.tests.SignUpTest@49c90a9c]" name="testValidUserRegistration" class="com.demoblaze.tests.SignUpTest"/>
        <method signature="SignUpTest.testLoginAfterRegistration()[pri:0, instance:com.demoblaze.tests.SignUpTest@49c90a9c]" name="testLoginAfterRegistration" class="com.demoblaze.tests.SignUpTest"/>
      </group> <!-- signup -->
    </groups>
    <test started-at="2025-09-06T10:05:35 IST" name="Core Functionality Tests" finished-at="2025-09-06T10:08:07 IST" duration-ms="151542">
      <class name="com.demoblaze.tests.LoginTest">
        <test-method is-config="true" signature="setUp(java.lang.String)[pri:0, instance:com.demoblaze.tests.LoginTest@130d63be]" started-at="2025-09-06T10:05:51 IST" name="setUp" finished-at="2025-09-06T10:05:53 IST" duration-ms="1949" status="PASS">
          <params>
            <param index="0">
              <value is-null="true"/>
            </param>
          </params>
          <reporter-output>
          </reporter-output>
        </test-method> <!-- setUp -->
        <test-method signature="testValidLogin()[pri:0, instance:com.demoblaze.tests.LoginTest@130d63be]" started-at="2025-09-06T10:05:53 IST" name="testValidLogin" description="TC_LOGIN_001: Verify user login with valid credentials - Essential login functionality test" finished-at="2025-09-06T10:06:00 IST" duration-ms="6957" status="FAIL">
          <exception class="java.lang.AssertionError">
            <message>
              <![CDATA[User not logged in! expected [true] but found [false]]]>
            </message>
            <full-stacktrace>
              <![CDATA[java.lang.AssertionError: User not logged in! expected [true] but found [false]
at org.testng.Assert.fail(Assert.java:111)
at org.testng.Assert.failNotEquals(Assert.java:1590)
at org.testng.Assert.assertTrue(Assert.java:57)
at com.demoblaze.tests.LoginTest.testValidLogin(LoginTest.java:29)
at java.base/jdk.internal.reflect.DirectMethodHandleAccessor.invoke(DirectMethodHandleAccessor.java:104)
at java.base/java.lang.reflect.Method.invoke(Method.java:565)
at org.testng.internal.invokers.MethodInvocationHelper.invokeMethod(MethodInvocationHelper.java:141)
at org.testng.internal.invokers.TestInvoker.invokeMethod(TestInvoker.java:687)
at org.testng.internal.invokers.TestInvoker.invokeTestMethod(TestInvoker.java:230)
at org.testng.internal.invokers.MethodRunner.runInSequence(MethodRunner.java:63)
at org.testng.internal.invokers.TestInvoker$MethodInvocationAgent.invoke(TestInvoker.java:995)
at org.testng.internal.invokers.TestInvoker.invokeTestMethods(TestInvoker.java:203)
at org.testng.internal.invokers.TestMethodWorker.invokeTestMethods(TestMethodWorker.java:154)
at org.testng.internal.invokers.TestMethodWorker.run(TestMethodWorker.java:134)
at java.base/java.util.ArrayList.forEach(ArrayList.java:1604)
at org.testng.TestRunner.privateRun(TestRunner.java:741)
at org.testng.TestRunner.run(TestRunner.java:616)
at org.testng.SuiteRunner.runTest(SuiteRunner.java:421)
at org.testng.SuiteRunner.runSequentially(SuiteRunner.java:413)
at org.testng.SuiteRunner.privateRun(SuiteRunner.java:373)
at org.testng.SuiteRunner.run(SuiteRunner.java:312)
at org.testng.SuiteRunnerWorker.runSuite(SuiteRunnerWorker.java:52)
at org.testng.SuiteRunnerWorker.run(SuiteRunnerWorker.java:95)
at org.testng.TestNG.runSuitesSequentially(TestNG.java:1274)
at org.testng.TestNG.runSuitesLocally(TestNG.java:1208)
at org.testng.TestNG.runSuites(TestNG.java:1112)
at org.testng.TestNG.run(TestNG.java:1079)
at org.testng.remote.AbstractRemoteTestNG.run(AbstractRemoteTestNG.java:115)
at org.testng.remote.RemoteTestNG.initAndRun(RemoteTestNG.java:293)
at org.testng.remote.RemoteTestNG.main(RemoteTestNG.java:91)
]]>
            </full-stacktrace>
          </exception> <!-- java.lang.AssertionError -->
          <reporter-output>
          </reporter-output>
        </test-method> <!-- testValidLogin -->
        <test-method is-config="true" signature="tearDown()[pri:0, instance:com.demoblaze.tests.LoginTest@130d63be]" started-at="2025-09-06T10:06:00 IST" name="tearDown" finished-at="2025-09-06T10:06:00 IST" duration-ms="119" status="PASS">
          <reporter-output>
          </reporter-output>
        </test-method> <!-- tearDown -->
        <test-method is-config="true" signature="setUp(java.lang.String)[pri:0, instance:com.demoblaze.tests.LoginTest@130d63be]" started-at="2025-09-06T10:06:00 IST" name="setUp" finished-at="2025-09-06T10:06:03 IST" duration-ms="2418" status="PASS">
          <params>
            <param index="0">
              <value is-null="true"/>
            </param>
          </params>
          <reporter-output>
          </reporter-output>
        </test-method> <!-- setUp -->
        <test-method signature="testLoginWithCreatedUser()[pri:0, instance:com.demoblaze.tests.LoginTest@130d63be]" started-at="2025-09-06T10:06:03 IST" name="testLoginWithCreatedUser" description="TC_LOGIN_002: Verify user login with newly created credentials - Essential login with fresh user test" finished-at="2025-09-06T10:06:09 IST" depends-on-methods="com.demoblaze.tests.SignUpTest.testLoginAfterRegistration" duration-ms="6345" status="PASS">
          <reporter-output>
          </reporter-output>
        </test-method> <!-- testLoginWithCreatedUser -->
        <test-method is-config="true" signature="tearDown()[pri:0, instance:com.demoblaze.tests.LoginTest@130d63be]" started-at="2025-09-06T10:06:09 IST" name="tearDown" finished-at="2025-09-06T10:06:09 IST" duration-ms="112" status="PASS">
          <reporter-output>
          </reporter-output>
        </test-method> <!-- tearDown -->
      </class> <!-- com.demoblaze.tests.LoginTest -->
      <class name="com.demoblaze.tests.PurchaseTest">
        <test-method is-config="true" signature="setUp(java.lang.String)[pri:0, instance:com.demoblaze.tests.PurchaseTest@7cc0cdad]" started-at="2025-09-06T10:07:42 IST" name="setUp" finished-at="2025-09-06T10:07:44 IST" duration-ms="2125" status="PASS">
          <params>
            <param index="0">
              <value is-null="true"/>
            </param>
          </params>
          <reporter-output>
          </reporter-output>
        </test-method> <!-- setUp -->
        <test-method is-config="true" signature="ensureUserLoggedIn()[pri:0, instance:com.demoblaze.tests.PurchaseTest@7cc0cdad]" started-at="2025-09-06T10:07:44 IST" name="ensureUserLoggedIn" finished-at="2025-09-06T10:08:01 IST" duration-ms="16715" status="PASS">
          <reporter-output>
          </reporter-output>
        </test-method> <!-- ensureUserLoggedIn -->
        <test-method signature="testPurchaseProduct()[pri:0, instance:com.demoblaze.tests.PurchaseTest@7cc0cdad]" started-at="2025-09-06T10:08:01 IST" name="testPurchaseProduct" description="TC_PURCHASE_001: Verify complete purchase flow - Essential purchase functionality test" finished-at="2025-09-06T10:08:07 IST" depends-on-methods="com.demoblaze.tests.SignUpTest.testLoginAfterRegistration" duration-ms="5591" status="PASS">
          <reporter-output>
          </reporter-output>
        </test-method> <!-- testPurchaseProduct -->
        <test-method is-config="true" signature="tearDown()[pri:0, instance:com.demoblaze.tests.PurchaseTest@7cc0cdad]" started-at="2025-09-06T10:08:07 IST" name="tearDown" finished-at="2025-09-06T10:08:07 IST" duration-ms="135" status="PASS">
          <reporter-output>
          </reporter-output>
        </test-method> <!-- tearDown -->
      </class> <!-- com.demoblaze.tests.PurchaseTest -->
      <class name="com.demoblaze.tests.SignUpTest">
        <test-method is-config="true" signature="setUp()[pri:0, instance:com.demoblaze.tests.SignUpTest@1bd4fdd]" started-at="2025-09-06T10:05:35 IST" name="setUp" finished-at="2025-09-06T10:05:35 IST" duration-ms="13" status="PASS">
          <reporter-output>
          </reporter-output>
        </test-method> <!-- setUp -->
        <test-method is-config="true" signature="setUp(java.lang.String)[pri:0, instance:com.demoblaze.tests.SignUpTest@1bd4fdd]" started-at="2025-09-06T10:05:35 IST" name="setUp" finished-at="2025-09-06T10:05:39 IST" duration-ms="3625" status="PASS">
          <params>
            <param index="0">
              <value is-null="true"/>
            </param>
          </params>
          <reporter-output>
          </reporter-output>
        </test-method> <!-- setUp -->
        <test-method signature="testValidUserRegistration()[pri:0, instance:com.demoblaze.tests.SignUpTest@1bd4fdd]" started-at="2025-09-06T10:05:39 IST" name="testValidUserRegistration" description="TC_REG_001: Valid User Registration - Essential user registration functionality test" finished-at="2025-09-06T10:05:42 IST" duration-ms="2901" status="PASS">
          <reporter-output>
          </reporter-output>
        </test-method> <!-- testValidUserRegistration -->
        <test-method is-config="true" signature="tearDown()[pri:0, instance:com.demoblaze.tests.SignUpTest@1bd4fdd]" started-at="2025-09-06T10:05:42 IST" name="tearDown" finished-at="2025-09-06T10:05:42 IST" duration-ms="169" status="PASS">
          <reporter-output>
          </reporter-output>
        </test-method> <!-- tearDown -->
        <test-method is-config="true" signature="setUp(java.lang.String)[pri:0, instance:com.demoblaze.tests.SignUpTest@1bd4fdd]" started-at="2025-09-06T10:05:42 IST" name="setUp" finished-at="2025-09-06T10:05:44 IST" duration-ms="2371" status="PASS">
          <params>
            <param index="0">
              <value is-null="true"/>
            </param>
          </params>
          <reporter-output>
          </reporter-output>
        </test-method> <!-- setUp -->
        <test-method signature="testLoginAfterRegistration()[pri:0, instance:com.demoblaze.tests.SignUpTest@1bd4fdd]" started-at="2025-09-06T10:05:44 IST" name="testLoginAfterRegistration" description="TC_LOGIN_001: Login with newly created user - Essential login after registration test" finished-at="2025-09-06T10:05:51 IST" depends-on-methods="com.demoblaze.tests.SignUpTest.testValidUserRegistration" duration-ms="6508" status="PASS">
          <reporter-output>
          </reporter-output>
        </test-method> <!-- testLoginAfterRegistration -->
        <test-method is-config="true" signature="tearDown()[pri:0, instance:com.demoblaze.tests.SignUpTest@1bd4fdd]" started-at="2025-09-06T10:05:51 IST" name="tearDown" finished-at="2025-09-06T10:05:51 IST" duration-ms="129" status="PASS">
          <reporter-output>
          </reporter-output>
        </test-method> <!-- tearDown -->
      </class> <!-- com.demoblaze.tests.SignUpTest -->
      <class name="com.demoblaze.tests.CartTest">
        <test-method is-config="true" signature="setUp(java.lang.String)[pri:0, instance:com.demoblaze.tests.CartTest@42a48628]" started-at="2025-09-06T10:06:09 IST" name="setUp" finished-at="2025-09-06T10:06:11 IST" duration-ms="2063" status="PASS">
          <params>
            <param index="0">
              <value is-null="true"/>
            </param>
          </params>
          <reporter-output>
          </reporter-output>
        </test-method> <!-- setUp -->
        <test-method is-config="true" signature="ensureUserLoggedIn()[pri:0, instance:com.demoblaze.tests.CartTest@42a48628]" started-at="2025-09-06T10:06:11 IST" name="ensureUserLoggedIn" finished-at="2025-09-06T10:06:40 IST" duration-ms="29218" status="PASS">
          <reporter-output>
          </reporter-output>
        </test-method> <!-- ensureUserLoggedIn -->
        <test-method signature="testAddToCart()[pri:0, instance:com.demoblaze.tests.CartTest@42a48628]" started-at="2025-09-06T10:06:40 IST" name="testAddToCart" description="TC_CART_001: Verify adding a product to cart - Essential add to cart functionality test" finished-at="2025-09-06T10:06:45 IST" depends-on-methods="com.demoblaze.tests.SignUpTest.testLoginAfterRegistration" duration-ms="4795" status="PASS">
          <reporter-output>
          </reporter-output>
        </test-method> <!-- testAddToCart -->
        <test-method is-config="true" signature="tearDown()[pri:0, instance:com.demoblaze.tests.CartTest@42a48628]" started-at="2025-09-06T10:06:45 IST" name="tearDown" finished-at="2025-09-06T10:06:45 IST" duration-ms="132" status="PASS">
          <reporter-output>
          </reporter-output>
        </test-method> <!-- tearDown -->
        <test-method is-config="true" signature="setUp(java.lang.String)[pri:0, instance:com.demoblaze.tests.CartTest@42a48628]" started-at="2025-09-06T10:06:45 IST" name="setUp" finished-at="2025-09-06T10:06:48 IST" duration-ms="2218" status="PASS">
          <params>
            <param index="0">
              <value is-null="true"/>
            </param>
          </params>
          <reporter-output>
          </reporter-output>
        </test-method> <!-- setUp -->
        <test-method is-config="true" signature="ensureUserLoggedIn()[pri:0, instance:com.demoblaze.tests.CartTest@42a48628]" started-at="2025-09-06T10:06:48 IST" name="ensureUserLoggedIn" finished-at="2025-09-06T10:07:16 IST" duration-ms="28725" status="PASS">
          <reporter-output>
          </reporter-output>
        </test-method> <!-- ensureUserLoggedIn -->
        <test-method signature="testDeleteFromCart()[pri:0, instance:com.demoblaze.tests.CartTest@42a48628]" started-at="2025-09-06T10:07:16 IST" name="testDeleteFromCart" description="TC_CART_002: Verify deleting item from cart - Essential cart deletion functionality test" finished-at="2025-09-06T10:07:42 IST" depends-on-methods="com.demoblaze.tests.SignUpTest.testLoginAfterRegistration" duration-ms="25754" status="PASS">
          <reporter-output>
          </reporter-output>
        </test-method> <!-- testDeleteFromCart -->
        <test-method is-config="true" signature="tearDown()[pri:0, instance:com.demoblaze.tests.CartTest@42a48628]" started-at="2025-09-06T10:07:42 IST" name="tearDown" finished-at="2025-09-06T10:07:42 IST" duration-ms="152" status="PASS">
          <reporter-output>
          </reporter-output>
        </test-method> <!-- tearDown -->
      </class> <!-- com.demoblaze.tests.CartTest -->
    </test> <!-- Core Functionality Tests -->
    <test started-at="2025-09-06T10:08:07 IST" name="Navigation and UI Tests" finished-at="2025-09-06T10:09:23 IST" duration-ms="75512">
      <class name="com.demoblaze.tests.NavigationTest">
        <test-method is-config="true" signature="setUp(java.lang.String)[pri:0, instance:com.demoblaze.tests.NavigationTest@24c1b2d2]" started-at="2025-09-06T10:08:07 IST" name="setUp" finished-at="2025-09-06T10:08:09 IST" duration-ms="2276" status="PASS">
          <params>
            <param index="0">
              <value is-null="true"/>
            </param>
          </params>
          <reporter-output>
          </reporter-output>
        </test-method> <!-- setUp -->
        <test-method signature="testCategoryNavigation()[pri:0, instance:com.demoblaze.tests.NavigationTest@24c1b2d2]" started-at="2025-09-06T10:08:09 IST" name="testCategoryNavigation" description="TC_NAV_002: Verify category navigation - Essential category navigation test" finished-at="2025-09-06T10:08:10 IST" duration-ms="1154" status="PASS">
          <reporter-output>
          </reporter-output>
        </test-method> <!-- testCategoryNavigation -->
        <test-method is-config="true" signature="tearDown()[pri:0, instance:com.demoblaze.tests.NavigationTest@24c1b2d2]" started-at="2025-09-06T10:08:10 IST" name="tearDown" finished-at="2025-09-06T10:08:11 IST" duration-ms="110" status="PASS">
          <reporter-output>
          </reporter-output>
        </test-method> <!-- tearDown -->
        <test-method is-config="true" signature="setUp(java.lang.String)[pri:0, instance:com.demoblaze.tests.NavigationTest@24c1b2d2]" started-at="2025-09-06T10:08:11 IST" name="setUp" finished-at="2025-09-06T10:08:13 IST" duration-ms="2093" status="PASS">
          <params>
            <param index="0">
              <value is-null="true"/>
            </param>
          </params>
          <reporter-output>
          </reporter-output>
        </test-method> <!-- setUp -->
        <test-method signature="testHomePageNavigation()[pri:0, instance:com.demoblaze.tests.NavigationTest@24c1b2d2]" started-at="2025-09-06T10:08:13 IST" name="testHomePageNavigation" description="TC_NAV_001: Verify home page navigation - Essential home page navigation test" finished-at="2025-09-06T10:08:13 IST" duration-ms="516" status="PASS">
          <reporter-output>
          </reporter-output>
        </test-method> <!-- testHomePageNavigation -->
        <test-method is-config="true" signature="tearDown()[pri:0, instance:com.demoblaze.tests.NavigationTest@24c1b2d2]" started-at="2025-09-06T10:08:13 IST" name="tearDown" finished-at="2025-09-06T10:08:13 IST" duration-ms="110" status="PASS">
          <reporter-output>
          </reporter-output>
        </test-method> <!-- tearDown -->
      </class> <!-- com.demoblaze.tests.NavigationTest -->
      <class name="com.demoblaze.tests.ProductTest">
        <test-method is-config="true" signature="setUp(java.lang.String)[pri:0, instance:com.demoblaze.tests.ProductTest@7dc19a70]" started-at="2025-09-06T10:08:13 IST" name="setUp" finished-at="2025-09-06T10:08:15 IST" duration-ms="2099" status="PASS">
          <params>
            <param index="0">
              <value is-null="true"/>
            </param>
          </params>
          <reporter-output>
          </reporter-output>
        </test-method> <!-- setUp -->
        <test-method is-config="true" signature="ensureUserLoggedIn()[pri:0, instance:com.demoblaze.tests.ProductTest@7dc19a70]" started-at="2025-09-06T10:08:15 IST" name="ensureUserLoggedIn" finished-at="2025-09-06T10:08:45 IST" duration-ms="29093" status="PASS">
          <reporter-output>
          </reporter-output>
        </test-method> <!-- ensureUserLoggedIn -->
        <test-method signature="testAddToCartFromProductPage()[pri:0, instance:com.demoblaze.tests.ProductTest@7dc19a70]" started-at="2025-09-06T10:08:45 IST" name="testAddToCartFromProductPage" description="TC_PROD_001: Verify add to cart functionality - Essential product add to cart test" finished-at="2025-09-06T10:08:50 IST" duration-ms="5735" status="PASS">
          <reporter-output>
          </reporter-output>
        </test-method> <!-- testAddToCartFromProductPage -->
        <test-method is-config="true" signature="tearDown()[pri:0, instance:com.demoblaze.tests.ProductTest@7dc19a70]" started-at="2025-09-06T10:08:50 IST" name="tearDown" finished-at="2025-09-06T10:08:50 IST" duration-ms="126" status="PASS">
          <reporter-output>
          </reporter-output>
        </test-method> <!-- tearDown -->
        <test-method is-config="true" signature="setUp(java.lang.String)[pri:0, instance:com.demoblaze.tests.ProductTest@7dc19a70]" started-at="2025-09-06T10:08:50 IST" name="setUp" finished-at="2025-09-06T10:08:53 IST" duration-ms="2166" status="PASS">
          <params>
            <param index="0">
              <value is-null="true"/>
            </param>
          </params>
          <reporter-output>
          </reporter-output>
        </test-method> <!-- setUp -->
        <test-method is-config="true" signature="ensureUserLoggedIn()[pri:0, instance:com.demoblaze.tests.ProductTest@7dc19a70]" started-at="2025-09-06T10:08:53 IST" name="ensureUserLoggedIn" finished-at="2025-09-06T10:09:22 IST" duration-ms="29140" status="PASS">
          <reporter-output>
          </reporter-output>
        </test-method> <!-- ensureUserLoggedIn -->
        <test-method signature="testProductCategoriesContent()[pri:0, instance:com.demoblaze.tests.ProductTest@7dc19a70]" started-at="2025-09-06T10:09:22 IST" name="testProductCategoriesContent" description="TC_PROD_002: Verify product categories contain expected products - Essential product category test" finished-at="2025-09-06T10:09:22 IST" duration-ms="755" status="PASS">
          <reporter-output>
          </reporter-output>
        </test-method> <!-- testProductCategoriesContent -->
        <test-method is-config="true" signature="tearDown()[pri:0, instance:com.demoblaze.tests.ProductTest@7dc19a70]" started-at="2025-09-06T10:09:22 IST" name="tearDown" finished-at="2025-09-06T10:09:23 IST" duration-ms="133" status="PASS">
          <reporter-output>
          </reporter-output>
        </test-method> <!-- tearDown -->
      </class> <!-- com.demoblaze.tests.ProductTest -->
    </test> <!-- Navigation and UI Tests -->
    <test started-at="2025-09-06T10:09:23 IST" name="User Management Tests" finished-at="2025-09-06T10:10:24 IST" duration-ms="61143">
      <class name="com.demoblaze.tests.UserManagementTest">
        <test-method is-config="true" signature="setUp(java.lang.String)[pri:0, instance:com.demoblaze.tests.UserManagementTest@798162bc]" started-at="2025-09-06T10:09:23 IST" name="setUp" finished-at="2025-09-06T10:09:25 IST" duration-ms="2275" status="PASS">
          <params>
            <param index="0">
              <value is-null="true"/>
            </param>
          </params>
          <reporter-output>
          </reporter-output>
        </test-method> <!-- setUp -->
        <test-method signature="testUserLogout()[pri:0, instance:com.demoblaze.tests.UserManagementTest@798162bc]" started-at="2025-09-06T10:09:25 IST" name="testUserLogout" description="TC_USER_002: Verify user logout functionality - Essential user logout test" finished-at="2025-09-06T10:09:54 IST" duration-ms="29545" status="PASS">
          <reporter-output>
          </reporter-output>
        </test-method> <!-- testUserLogout -->
        <test-method is-config="true" signature="setUp()[pri:0, instance:com.demoblaze.tests.UserManagementTest@798162bc]" started-at="2025-09-06T10:09:25 IST" name="setUp" finished-at="2025-09-06T10:09:25 IST" duration-ms="0" status="PASS">
          <reporter-output>
          </reporter-output>
        </test-method> <!-- setUp -->
        <test-method is-config="true" signature="tearDown()[pri:0, instance:com.demoblaze.tests.UserManagementTest@798162bc]" started-at="2025-09-06T10:09:54 IST" name="tearDown" finished-at="2025-09-06T10:10:15 IST" duration-ms="20441" status="PASS">
          <reporter-output>
          </reporter-output>
        </test-method> <!-- tearDown -->
        <test-method is-config="true" signature="setUp(java.lang.String)[pri:0, instance:com.demoblaze.tests.UserManagementTest@798162bc]" started-at="2025-09-06T10:10:15 IST" name="setUp" finished-at="2025-09-06T10:10:16 IST" duration-ms="796" status="PASS">
          <params>
            <param index="0">
              <value is-null="true"/>
            </param>
          </params>
          <reporter-output>
          </reporter-output>
        </test-method> <!-- setUp -->
        <test-method signature="testUserRegistrationWithUniqueUsername()[pri:0, instance:com.demoblaze.tests.UserManagementTest@798162bc]" started-at="2025-09-06T10:10:16 IST" name="testUserRegistrationWithUniqueUsername" description="TC_USER_001: Verify user registration with unique username - Essential user registration test" finished-at="2025-09-06T10:10:24 IST" duration-ms="7941" status="PASS">
          <reporter-output>
          </reporter-output>
        </test-method> <!-- testUserRegistrationWithUniqueUsername -->
        <test-method is-config="true" signature="setUp()[pri:0, instance:com.demoblaze.tests.UserManagementTest@798162bc]" started-at="2025-09-06T10:10:16 IST" name="setUp" finished-at="2025-09-06T10:10:16 IST" duration-ms="0" status="PASS">
          <reporter-output>
          </reporter-output>
        </test-method> <!-- setUp -->
        <test-method is-config="true" signature="tearDown()[pri:0, instance:com.demoblaze.tests.UserManagementTest@798162bc]" started-at="2025-09-06T10:10:24 IST" name="tearDown" finished-at="2025-09-06T10:10:24 IST" duration-ms="141" status="PASS">
          <reporter-output>
          </reporter-output>
        </test-method> <!-- tearDown -->
      </class> <!-- com.demoblaze.tests.UserManagementTest -->
    </test> <!-- User Management Tests -->
    <test started-at="2025-09-06T10:10:24 IST" name="Negative Testing" finished-at="2025-09-06T10:10:50 IST" duration-ms="26275">
      <class name="com.demoblaze.tests.NegativeTest">
        <test-method is-config="true" signature="setUp(java.lang.String)[pri:0, instance:com.demoblaze.tests.NegativeTest@5efa40fe]" started-at="2025-09-06T10:10:24 IST" name="setUp" finished-at="2025-09-06T10:10:24 IST" duration-ms="116" status="PASS">
          <params>
            <param index="0">
              <value is-null="true"/>
            </param>
          </params>
          <reporter-output>
          </reporter-output>
        </test-method> <!-- setUp -->
        <test-method signature="testLoginWithInvalidUsername()[pri:0, instance:com.demoblaze.tests.NegativeTest@5efa40fe]" started-at="2025-09-06T10:10:24 IST" name="testLoginWithInvalidUsername" description="TC_NEG_001: Verify login with invalid username - Essential negative login test" finished-at="2025-09-06T10:10:50 IST" duration-ms="25982" status="PASS">
          <reporter-output>
          </reporter-output>
        </test-method> <!-- testLoginWithInvalidUsername -->
        <test-method is-config="true" signature="tearDown()[pri:0, instance:com.demoblaze.tests.NegativeTest@5efa40fe]" started-at="2025-09-06T10:10:50 IST" name="tearDown" finished-at="2025-09-06T10:10:50 IST" duration-ms="175" status="PASS">
          <reporter-output>
          </reporter-output>
        </test-method> <!-- tearDown -->
      </class> <!-- com.demoblaze.tests.NegativeTest -->
    </test> <!-- Negative Testing -->
    <test started-at="2025-09-06T10:10:50 IST" name="Essential Test Suite" finished-at="2025-09-06T10:15:49 IST" duration-ms="298439">
      <class name="com.demoblaze.tests.LoginTest">
        <test-method is-config="true" signature="setUp(java.lang.String)[pri:0, instance:com.demoblaze.tests.LoginTest@2d29b4ee]" started-at="2025-09-06T10:11:04 IST" name="setUp" finished-at="2025-09-06T10:11:06 IST" duration-ms="2078" status="PASS">
          <params>
            <param index="0">
              <value is-null="true"/>
            </param>
          </params>
          <reporter-output>
          </reporter-output>
        </test-method> <!-- setUp -->
        <test-method signature="testValidLogin()[pri:0, instance:com.demoblaze.tests.LoginTest@2d29b4ee]" started-at="2025-09-06T10:11:06 IST" name="testValidLogin" description="TC_LOGIN_001: Verify user login with valid credentials - Essential login functionality test" finished-at="2025-09-06T10:11:13 IST" duration-ms="6875" status="FAIL">
          <exception class="java.lang.AssertionError">
            <message>
              <![CDATA[User not logged in! expected [true] but found [false]]]>
            </message>
            <full-stacktrace>
              <![CDATA[java.lang.AssertionError: User not logged in! expected [true] but found [false]
at org.testng.Assert.fail(Assert.java:111)
at org.testng.Assert.failNotEquals(Assert.java:1590)
at org.testng.Assert.assertTrue(Assert.java:57)
at com.demoblaze.tests.LoginTest.testValidLogin(LoginTest.java:29)
at java.base/jdk.internal.reflect.DirectMethodHandleAccessor.invoke(DirectMethodHandleAccessor.java:104)
at java.base/java.lang.reflect.Method.invoke(Method.java:565)
at org.testng.internal.invokers.MethodInvocationHelper.invokeMethod(MethodInvocationHelper.java:141)
at org.testng.internal.invokers.TestInvoker.invokeMethod(TestInvoker.java:687)
at org.testng.internal.invokers.TestInvoker.invokeTestMethod(TestInvoker.java:230)
at org.testng.internal.invokers.MethodRunner.runInSequence(MethodRunner.java:63)
at org.testng.internal.invokers.TestInvoker$MethodInvocationAgent.invoke(TestInvoker.java:995)
at org.testng.internal.invokers.TestInvoker.invokeTestMethods(TestInvoker.java:203)
at org.testng.internal.invokers.TestMethodWorker.invokeTestMethods(TestMethodWorker.java:154)
at org.testng.internal.invokers.TestMethodWorker.run(TestMethodWorker.java:134)
at java.base/java.util.ArrayList.forEach(ArrayList.java:1604)
at org.testng.TestRunner.privateRun(TestRunner.java:741)
at org.testng.TestRunner.run(TestRunner.java:616)
at org.testng.SuiteRunner.runTest(SuiteRunner.java:421)
at org.testng.SuiteRunner.runSequentially(SuiteRunner.java:413)
at org.testng.SuiteRunner.privateRun(SuiteRunner.java:373)
at org.testng.SuiteRunner.run(SuiteRunner.java:312)
at org.testng.SuiteRunnerWorker.runSuite(SuiteRunnerWorker.java:52)
at org.testng.SuiteRunnerWorker.run(SuiteRunnerWorker.java:95)
at org.testng.TestNG.runSuitesSequentially(TestNG.java:1274)
at org.testng.TestNG.runSuitesLocally(TestNG.java:1208)
at org.testng.TestNG.runSuites(TestNG.java:1112)
at org.testng.TestNG.run(TestNG.java:1079)
at org.testng.remote.AbstractRemoteTestNG.run(AbstractRemoteTestNG.java:115)
at org.testng.remote.RemoteTestNG.initAndRun(RemoteTestNG.java:293)
at org.testng.remote.RemoteTestNG.main(RemoteTestNG.java:91)
]]>
            </full-stacktrace>
          </exception> <!-- java.lang.AssertionError -->
          <reporter-output>
          </reporter-output>
        </test-method> <!-- testValidLogin -->
        <test-method is-config="true" signature="tearDown()[pri:0, instance:com.demoblaze.tests.LoginTest@2d29b4ee]" started-at="2025-09-06T10:11:13 IST" name="tearDown" finished-at="2025-09-06T10:11:13 IST" duration-ms="117" status="PASS">
          <reporter-output>
          </reporter-output>
        </test-method> <!-- tearDown -->
        <test-method is-config="true" signature="setUp(java.lang.String)[pri:0, instance:com.demoblaze.tests.LoginTest@2d29b4ee]" started-at="2025-09-06T10:11:13 IST" name="setUp" finished-at="2025-09-06T10:11:15 IST" duration-ms="2285" status="PASS">
          <params>
            <param index="0">
              <value is-null="true"/>
            </param>
          </params>
          <reporter-output>
          </reporter-output>
        </test-method> <!-- setUp -->
        <test-method signature="testLoginWithCreatedUser()[pri:0, instance:com.demoblaze.tests.LoginTest@2d29b4ee]" started-at="2025-09-06T10:11:15 IST" name="testLoginWithCreatedUser" description="TC_LOGIN_002: Verify user login with newly created credentials - Essential login with fresh user test" finished-at="2025-09-06T10:11:21 IST" depends-on-methods="com.demoblaze.tests.SignUpTest.testLoginAfterRegistration" duration-ms="6296" status="PASS">
          <reporter-output>
          </reporter-output>
        </test-method> <!-- testLoginWithCreatedUser -->
        <test-method is-config="true" signature="tearDown()[pri:0, instance:com.demoblaze.tests.LoginTest@2d29b4ee]" started-at="2025-09-06T10:11:21 IST" name="tearDown" finished-at="2025-09-06T10:11:22 IST" duration-ms="123" status="PASS">
          <reporter-output>
          </reporter-output>
        </test-method> <!-- tearDown -->
      </class> <!-- com.demoblaze.tests.LoginTest -->
      <class name="com.demoblaze.tests.PurchaseTest">
        <test-method is-config="true" signature="setUp(java.lang.String)[pri:0, instance:com.demoblaze.tests.PurchaseTest@f58853c]" started-at="2025-09-06T10:13:50 IST" name="setUp" finished-at="2025-09-06T10:13:52 IST" duration-ms="2313" status="PASS">
          <params>
            <param index="0">
              <value is-null="true"/>
            </param>
          </params>
          <reporter-output>
          </reporter-output>
        </test-method> <!-- setUp -->
        <test-method is-config="true" signature="ensureUserLoggedIn()[pri:0, instance:com.demoblaze.tests.PurchaseTest@f58853c]" started-at="2025-09-06T10:13:52 IST" name="ensureUserLoggedIn" finished-at="2025-09-06T10:14:09 IST" duration-ms="16663" status="PASS">
          <reporter-output>
          </reporter-output>
        </test-method> <!-- ensureUserLoggedIn -->
        <test-method signature="testPurchaseProduct()[pri:0, instance:com.demoblaze.tests.PurchaseTest@f58853c]" started-at="2025-09-06T10:14:09 IST" name="testPurchaseProduct" description="TC_PURCHASE_001: Verify complete purchase flow - Essential purchase functionality test" finished-at="2025-09-06T10:14:14 IST" depends-on-methods="com.demoblaze.tests.SignUpTest.testLoginAfterRegistration" duration-ms="5306" status="PASS">
          <reporter-output>
          </reporter-output>
        </test-method> <!-- testPurchaseProduct -->
        <test-method is-config="true" signature="tearDown()[pri:0, instance:com.demoblaze.tests.PurchaseTest@f58853c]" started-at="2025-09-06T10:14:14 IST" name="tearDown" finished-at="2025-09-06T10:14:15 IST" duration-ms="134" status="PASS">
          <reporter-output>
          </reporter-output>
        </test-method> <!-- tearDown -->
      </class> <!-- com.demoblaze.tests.PurchaseTest -->
      <class name="com.demoblaze.tests.SignUpTest">
        <test-method is-config="true" signature="setUp()[pri:0, instance:com.demoblaze.tests.SignUpTest@49c90a9c]" started-at="2025-09-06T10:10:50 IST" name="setUp" finished-at="2025-09-06T10:10:50 IST" duration-ms="0" status="PASS">
          <reporter-output>
          </reporter-output>
        </test-method> <!-- setUp -->
        <test-method is-config="true" signature="setUp(java.lang.String)[pri:0, instance:com.demoblaze.tests.SignUpTest@49c90a9c]" started-at="2025-09-06T10:10:50 IST" name="setUp" finished-at="2025-09-06T10:10:53 IST" duration-ms="2419" status="PASS">
          <params>
            <param index="0">
              <value is-null="true"/>
            </param>
          </params>
          <reporter-output>
          </reporter-output>
        </test-method> <!-- setUp -->
        <test-method signature="testValidUserRegistration()[pri:0, instance:com.demoblaze.tests.SignUpTest@49c90a9c]" started-at="2025-09-06T10:10:53 IST" name="testValidUserRegistration" description="TC_REG_001: Valid User Registration - Essential user registration functionality test" finished-at="2025-09-06T10:10:55 IST" duration-ms="2282" status="PASS">
          <reporter-output>
          </reporter-output>
        </test-method> <!-- testValidUserRegistration -->
        <test-method is-config="true" signature="tearDown()[pri:0, instance:com.demoblaze.tests.SignUpTest@49c90a9c]" started-at="2025-09-06T10:10:55 IST" name="tearDown" finished-at="2025-09-06T10:10:55 IST" duration-ms="165" status="PASS">
          <reporter-output>
          </reporter-output>
        </test-method> <!-- tearDown -->
        <test-method is-config="true" signature="setUp(java.lang.String)[pri:0, instance:com.demoblaze.tests.SignUpTest@49c90a9c]" started-at="2025-09-06T10:10:55 IST" name="setUp" finished-at="2025-09-06T10:10:57 IST" duration-ms="2037" status="PASS">
          <params>
            <param index="0">
              <value is-null="true"/>
            </param>
          </params>
          <reporter-output>
          </reporter-output>
        </test-method> <!-- setUp -->
        <test-method signature="testLoginAfterRegistration()[pri:0, instance:com.demoblaze.tests.SignUpTest@49c90a9c]" started-at="2025-09-06T10:10:57 IST" name="testLoginAfterRegistration" description="TC_LOGIN_001: Login with newly created user - Essential login after registration test" finished-at="2025-09-06T10:11:03 IST" depends-on-methods="com.demoblaze.tests.SignUpTest.testValidUserRegistration" duration-ms="6430" status="PASS">
          <reporter-output>
          </reporter-output>
        </test-method> <!-- testLoginAfterRegistration -->
        <test-method is-config="true" signature="tearDown()[pri:0, instance:com.demoblaze.tests.SignUpTest@49c90a9c]" started-at="2025-09-06T10:11:03 IST" name="tearDown" finished-at="2025-09-06T10:11:04 IST" duration-ms="124" status="PASS">
          <reporter-output>
          </reporter-output>
        </test-method> <!-- tearDown -->
      </class> <!-- com.demoblaze.tests.SignUpTest -->
      <class name="com.demoblaze.tests.NavigationTest">
        <test-method is-config="true" signature="setUp(java.lang.String)[pri:0, instance:com.demoblaze.tests.NavigationTest@69ee81fc]" started-at="2025-09-06T10:11:22 IST" name="setUp" finished-at="2025-09-06T10:11:24 IST" duration-ms="2372" status="PASS">
          <params>
            <param index="0">
              <value is-null="true"/>
            </param>
          </params>
          <reporter-output>
          </reporter-output>
        </test-method> <!-- setUp -->
        <test-method signature="testCategoryNavigation()[pri:0, instance:com.demoblaze.tests.NavigationTest@69ee81fc]" started-at="2025-09-06T10:11:24 IST" name="testCategoryNavigation" description="TC_NAV_002: Verify category navigation - Essential category navigation test" finished-at="2025-09-06T10:11:25 IST" duration-ms="1138" status="PASS">
          <reporter-output>
          </reporter-output>
        </test-method> <!-- testCategoryNavigation -->
        <test-method is-config="true" signature="tearDown()[pri:0, instance:com.demoblaze.tests.NavigationTest@69ee81fc]" started-at="2025-09-06T10:11:25 IST" name="tearDown" finished-at="2025-09-06T10:11:25 IST" duration-ms="105" status="PASS">
          <reporter-output>
          </reporter-output>
        </test-method> <!-- tearDown -->
        <test-method is-config="true" signature="setUp(java.lang.String)[pri:0, instance:com.demoblaze.tests.NavigationTest@69ee81fc]" started-at="2025-09-06T10:11:25 IST" name="setUp" finished-at="2025-09-06T10:11:27 IST" duration-ms="2271" status="PASS">
          <params>
            <param index="0">
              <value is-null="true"/>
            </param>
          </params>
          <reporter-output>
          </reporter-output>
        </test-method> <!-- setUp -->
        <test-method signature="testHomePageNavigation()[pri:0, instance:com.demoblaze.tests.NavigationTest@69ee81fc]" started-at="2025-09-06T10:11:27 IST" name="testHomePageNavigation" description="TC_NAV_001: Verify home page navigation - Essential home page navigation test" finished-at="2025-09-06T10:11:28 IST" duration-ms="461" status="PASS">
          <reporter-output>
          </reporter-output>
        </test-method> <!-- testHomePageNavigation -->
        <test-method is-config="true" signature="tearDown()[pri:0, instance:com.demoblaze.tests.NavigationTest@69ee81fc]" started-at="2025-09-06T10:11:28 IST" name="tearDown" finished-at="2025-09-06T10:11:28 IST" duration-ms="106" status="PASS">
          <reporter-output>
          </reporter-output>
        </test-method> <!-- tearDown -->
      </class> <!-- com.demoblaze.tests.NavigationTest -->
      <class name="com.demoblaze.tests.CartTest">
        <test-method is-config="true" signature="setUp(java.lang.String)[pri:0, instance:com.demoblaze.tests.CartTest@6f36c2f0]" started-at="2025-09-06T10:12:37 IST" name="setUp" finished-at="2025-09-06T10:12:39 IST" duration-ms="2316" status="PASS">
          <params>
            <param index="0">
              <value is-null="true"/>
            </param>
          </params>
          <reporter-output>
          </reporter-output>
        </test-method> <!-- setUp -->
        <test-method is-config="true" signature="ensureUserLoggedIn()[pri:0, instance:com.demoblaze.tests.CartTest@6f36c2f0]" started-at="2025-09-06T10:12:39 IST" name="ensureUserLoggedIn" finished-at="2025-09-06T10:13:08 IST" duration-ms="28954" status="PASS">
          <reporter-output>
          </reporter-output>
        </test-method> <!-- ensureUserLoggedIn -->
        <test-method signature="testAddToCart()[pri:0, instance:com.demoblaze.tests.CartTest@6f36c2f0]" started-at="2025-09-06T10:13:08 IST" name="testAddToCart" description="TC_CART_001: Verify adding a product to cart - Essential add to cart functionality test" finished-at="2025-09-06T10:13:13 IST" depends-on-methods="com.demoblaze.tests.SignUpTest.testLoginAfterRegistration" duration-ms="4706" status="PASS">
          <reporter-output>
          </reporter-output>
        </test-method> <!-- testAddToCart -->
        <test-method is-config="true" signature="tearDown()[pri:0, instance:com.demoblaze.tests.CartTest@6f36c2f0]" started-at="2025-09-06T10:13:13 IST" name="tearDown" finished-at="2025-09-06T10:13:13 IST" duration-ms="137" status="PASS">
          <reporter-output>
          </reporter-output>
        </test-method> <!-- tearDown -->
        <test-method is-config="true" signature="setUp(java.lang.String)[pri:0, instance:com.demoblaze.tests.CartTest@6f36c2f0]" started-at="2025-09-06T10:13:13 IST" name="setUp" finished-at="2025-09-06T10:13:15 IST" duration-ms="2053" status="PASS">
          <params>
            <param index="0">
              <value is-null="true"/>
            </param>
          </params>
          <reporter-output>
          </reporter-output>
        </test-method> <!-- setUp -->
        <test-method is-config="true" signature="ensureUserLoggedIn()[pri:0, instance:com.demoblaze.tests.CartTest@6f36c2f0]" started-at="2025-09-06T10:13:15 IST" name="ensureUserLoggedIn" finished-at="2025-09-06T10:13:44 IST" duration-ms="29417" status="PASS">
          <reporter-output>
          </reporter-output>
        </test-method> <!-- ensureUserLoggedIn -->
        <test-method signature="testDeleteFromCart()[pri:0, instance:com.demoblaze.tests.CartTest@6f36c2f0]" started-at="2025-09-06T10:13:44 IST" name="testDeleteFromCart" description="TC_CART_002: Verify deleting item from cart - Essential cart deletion functionality test" finished-at="2025-09-06T10:13:50 IST" depends-on-methods="com.demoblaze.tests.SignUpTest.testLoginAfterRegistration" duration-ms="5529" status="PASS">
          <reporter-output>
          </reporter-output>
        </test-method> <!-- testDeleteFromCart -->
        <test-method is-config="true" signature="tearDown()[pri:0, instance:com.demoblaze.tests.CartTest@6f36c2f0]" started-at="2025-09-06T10:13:50 IST" name="tearDown" finished-at="2025-09-06T10:13:50 IST" duration-ms="147" status="PASS">
          <reporter-output>
          </reporter-output>
        </test-method> <!-- tearDown -->
      </class> <!-- com.demoblaze.tests.CartTest -->
      <class name="com.demoblaze.tests.NegativeTest">
        <test-method is-config="true" signature="setUp(java.lang.String)[pri:0, instance:com.demoblaze.tests.NegativeTest@29f7cefd]" started-at="2025-09-06T10:15:16 IST" name="setUp" finished-at="2025-09-06T10:15:16 IST" duration-ms="59" status="PASS">
          <params>
            <param index="0">
              <value is-null="true"/>
            </param>
          </params>
          <reporter-output>
          </reporter-output>
        </test-method> <!-- setUp -->
        <test-method signature="testLoginWithInvalidUsername()[pri:0, instance:com.demoblaze.tests.NegativeTest@29f7cefd]" started-at="2025-09-06T10:15:16 IST" name="testLoginWithInvalidUsername" description="TC_NEG_001: Verify login with invalid username - Essential negative login test" finished-at="2025-09-06T10:15:48 IST" duration-ms="32730" status="PASS">
          <reporter-output>
          </reporter-output>
        </test-method> <!-- testLoginWithInvalidUsername -->
        <test-method is-config="true" signature="tearDown()[pri:0, instance:com.demoblaze.tests.NegativeTest@29f7cefd]" started-at="2025-09-06T10:15:48 IST" name="tearDown" finished-at="2025-09-06T10:15:49 IST" duration-ms="159" status="PASS">
          <reporter-output>
          </reporter-output>
        </test-method> <!-- tearDown -->
      </class> <!-- com.demoblaze.tests.NegativeTest -->
      <class name="com.demoblaze.tests.UserManagementTest">
        <test-method is-config="true" signature="setUp(java.lang.String)[pri:0, instance:com.demoblaze.tests.UserManagementTest@1224144a]" started-at="2025-09-06T10:14:15 IST" name="setUp" finished-at="2025-09-06T10:14:17 IST" duration-ms="2179" status="PASS">
          <params>
            <param index="0">
              <value is-null="true"/>
            </param>
          </params>
          <reporter-output>
          </reporter-output>
        </test-method> <!-- setUp -->
        <test-method signature="testUserLogout()[pri:0, instance:com.demoblaze.tests.UserManagementTest@1224144a]" started-at="2025-09-06T10:14:17 IST" name="testUserLogout" description="TC_USER_002: Verify user logout functionality - Essential user logout test" finished-at="2025-09-06T10:14:46 IST" duration-ms="29250" status="PASS">
          <reporter-output>
          </reporter-output>
        </test-method> <!-- testUserLogout -->
        <test-method is-config="true" signature="setUp()[pri:0, instance:com.demoblaze.tests.UserManagementTest@1224144a]" started-at="2025-09-06T10:14:17 IST" name="setUp" finished-at="2025-09-06T10:14:17 IST" duration-ms="0" status="PASS">
          <reporter-output>
          </reporter-output>
        </test-method> <!-- setUp -->
        <test-method is-config="true" signature="tearDown()[pri:0, instance:com.demoblaze.tests.UserManagementTest@1224144a]" started-at="2025-09-06T10:14:46 IST" name="tearDown" finished-at="2025-09-06T10:15:07 IST" duration-ms="20667" status="PASS">
          <reporter-output>
          </reporter-output>
        </test-method> <!-- tearDown -->
        <test-method is-config="true" signature="setUp(java.lang.String)[pri:0, instance:com.demoblaze.tests.UserManagementTest@1224144a]" started-at="2025-09-06T10:15:07 IST" name="setUp" finished-at="2025-09-06T10:15:07 IST" duration-ms="854" status="PASS">
          <params>
            <param index="0">
              <value is-null="true"/>
            </param>
          </params>
          <reporter-output>
          </reporter-output>
        </test-method> <!-- setUp -->
        <test-method signature="testUserRegistrationWithUniqueUsername()[pri:0, instance:com.demoblaze.tests.UserManagementTest@1224144a]" started-at="2025-09-06T10:15:07 IST" name="testUserRegistrationWithUniqueUsername" description="TC_USER_001: Verify user registration with unique username - Essential user registration test" finished-at="2025-09-06T10:15:15 IST" duration-ms="8017" status="PASS">
          <reporter-output>
          </reporter-output>
        </test-method> <!-- testUserRegistrationWithUniqueUsername -->
        <test-method is-config="true" signature="setUp()[pri:0, instance:com.demoblaze.tests.UserManagementTest@1224144a]" started-at="2025-09-06T10:15:07 IST" name="setUp" finished-at="2025-09-06T10:15:07 IST" duration-ms="0" status="PASS">
          <reporter-output>
          </reporter-output>
        </test-method> <!-- setUp -->
        <test-method is-config="true" signature="tearDown()[pri:0, instance:com.demoblaze.tests.UserManagementTest@1224144a]" started-at="2025-09-06T10:15:15 IST" name="tearDown" finished-at="2025-09-06T10:15:16 IST" duration-ms="82" status="PASS">
          <reporter-output>
          </reporter-output>
        </test-method> <!-- tearDown -->
      </class> <!-- com.demoblaze.tests.UserManagementTest -->
      <class name="com.demoblaze.tests.ProductTest">
        <test-method is-config="true" signature="setUp(java.lang.String)[pri:0, instance:com.demoblaze.tests.ProductTest@6e2aa843]" started-at="2025-09-06T10:11:28 IST" name="setUp" finished-at="2025-09-06T10:11:30 IST" duration-ms="1941" status="PASS">
          <params>
            <param index="0">
              <value is-null="true"/>
            </param>
          </params>
          <reporter-output>
          </reporter-output>
        </test-method> <!-- setUp -->
        <test-method is-config="true" signature="ensureUserLoggedIn()[pri:0, instance:com.demoblaze.tests.ProductTest@6e2aa843]" started-at="2025-09-06T10:11:30 IST" name="ensureUserLoggedIn" finished-at="2025-09-06T10:11:59 IST" duration-ms="28863" status="PASS">
          <reporter-output>
          </reporter-output>
        </test-method> <!-- ensureUserLoggedIn -->
        <test-method signature="testAddToCartFromProductPage()[pri:0, instance:com.demoblaze.tests.ProductTest@6e2aa843]" started-at="2025-09-06T10:11:59 IST" name="testAddToCartFromProductPage" description="TC_PROD_001: Verify add to cart functionality - Essential product add to cart test" finished-at="2025-09-06T10:12:05 IST" duration-ms="5846" status="PASS">
          <reporter-output>
          </reporter-output>
        </test-method> <!-- testAddToCartFromProductPage -->
        <test-method is-config="true" signature="tearDown()[pri:0, instance:com.demoblaze.tests.ProductTest@6e2aa843]" started-at="2025-09-06T10:12:05 IST" name="tearDown" finished-at="2025-09-06T10:12:05 IST" duration-ms="148" status="PASS">
          <reporter-output>
          </reporter-output>
        </test-method> <!-- tearDown -->
        <test-method is-config="true" signature="setUp(java.lang.String)[pri:0, instance:com.demoblaze.tests.ProductTest@6e2aa843]" started-at="2025-09-06T10:12:05 IST" name="setUp" finished-at="2025-09-06T10:12:07 IST" duration-ms="2307" status="PASS">
          <params>
            <param index="0">
              <value is-null="true"/>
            </param>
          </params>
          <reporter-output>
          </reporter-output>
        </test-method> <!-- setUp -->
        <test-method is-config="true" signature="ensureUserLoggedIn()[pri:0, instance:com.demoblaze.tests.ProductTest@6e2aa843]" started-at="2025-09-06T10:12:07 IST" name="ensureUserLoggedIn" finished-at="2025-09-06T10:12:36 IST" duration-ms="28873" status="PASS">
          <reporter-output>
          </reporter-output>
        </test-method> <!-- ensureUserLoggedIn -->
        <test-method signature="testProductCategoriesContent()[pri:0, instance:com.demoblaze.tests.ProductTest@6e2aa843]" started-at="2025-09-06T10:12:36 IST" name="testProductCategoriesContent" description="TC_PROD_002: Verify product categories contain expected products - Essential product category test" finished-at="2025-09-06T10:12:37 IST" duration-ms="749" status="PASS">
          <reporter-output>
          </reporter-output>
        </test-method> <!-- testProductCategoriesContent -->
        <test-method is-config="true" signature="tearDown()[pri:0, instance:com.demoblaze.tests.ProductTest@6e2aa843]" started-at="2025-09-06T10:12:37 IST" name="tearDown" finished-at="2025-09-06T10:12:37 IST" duration-ms="134" status="PASS">
          <reporter-output>
          </reporter-output>
        </test-method> <!-- tearDown -->
      </class> <!-- com.demoblaze.tests.ProductTest -->
    </test> <!-- Essential Test Suite -->
  </suite> <!-- DemoBlaze Essential Test Suite -->
</testng-results>
